<?xml version="1.0" encoding="UTF-8"?>
<coverage generated="1593165267662" clover="3.2.0">
  <project timestamp="1593165267662" name="All files">
    <metrics statements="509" coveredstatements="353" conditionals="228" coveredconditionals="120" methods="83" coveredmethods="64" elements="820" coveredelements="537" complexity="0" loc="509" ncloc="509" packages="4" files="11" classes="11"/>
    <package name="src">
      <metrics statements="11" coveredstatements="10" conditionals="6" coveredconditionals="2" methods="4" coveredmethods="3"/>
      <file name="index.ts" path="C:\dev\cbor\src\index.ts">
        <metrics statements="11" coveredstatements="10" conditionals="6" coveredconditionals="2" methods="4" coveredmethods="3"/>
        <line num="4" count="1" type="stmt"/>
        <line num="5" count="1" type="stmt"/>
        <line num="7" count="1" type="stmt"/>
        <line num="15" count="57" type="cond" truecount="1" falsecount="1"/>
        <line num="16" count="57" type="stmt"/>
        <line num="25" count="55" type="cond" truecount="1" falsecount="1"/>
        <line num="26" count="55" type="stmt"/>
        <line num="39" count="1" type="cond" truecount="0" falsecount="2"/>
        <line num="40" count="0" type="stmt"/>
        <line num="42" count="1" type="stmt"/>
        <line num="44" count="1" type="stmt"/>
      </file>
    </package>
    <package name="src.common">
      <metrics statements="121" coveredstatements="72" conditionals="28" coveredconditionals="8" methods="29" coveredmethods="17"/>
      <file name="view.ts" path="C:\dev\cbor\src\common\view.ts">
        <metrics statements="121" coveredstatements="72" conditionals="28" coveredconditionals="8" methods="29" coveredmethods="17"/>
        <line num="4" count="1" type="stmt"/>
        <line num="7" count="0" type="cond" truecount="0" falsecount="2"/>
        <line num="8" count="0" type="stmt"/>
        <line num="11" count="1" type="stmt"/>
        <line num="12" count="0" type="stmt"/>
        <line num="14" count="1" type="stmt"/>
        <line num="16" count="1" type="stmt"/>
        <line num="20" count="112" type="stmt"/>
        <line num="21" count="224" type="cond" truecount="1" falsecount="1"/>
        <line num="23" count="112" type="stmt"/>
        <line num="24" count="112" type="stmt"/>
        <line num="27" count="1" type="stmt"/>
        <line num="28" count="55" type="stmt"/>
        <line num="31" count="1" type="stmt"/>
        <line num="32" count="5" type="stmt"/>
        <line num="33" count="5" type="cond" truecount="1" falsecount="1"/>
        <line num="34" count="0" type="stmt"/>
        <line num="35" count="5" type="stmt"/>
        <line num="37" count="1" type="stmt"/>
        <line num="38" count="5" type="stmt"/>
        <line num="39" count="5" type="cond" truecount="1" falsecount="1"/>
        <line num="40" count="0" type="stmt"/>
        <line num="41" count="5" type="stmt"/>
        <line num="43" count="1" type="stmt"/>
        <line num="44" count="0" type="stmt"/>
        <line num="45" count="0" type="cond" truecount="0" falsecount="2"/>
        <line num="46" count="0" type="stmt"/>
        <line num="47" count="0" type="stmt"/>
        <line num="49" count="1" type="stmt"/>
        <line num="50" count="0" type="stmt"/>
        <line num="51" count="0" type="cond" truecount="0" falsecount="2"/>
        <line num="52" count="0" type="stmt"/>
        <line num="53" count="0" type="stmt"/>
        <line num="55" count="1" type="stmt"/>
        <line num="56" count="0" type="stmt"/>
        <line num="57" count="0" type="cond" truecount="0" falsecount="2"/>
        <line num="58" count="0" type="stmt"/>
        <line num="59" count="0" type="stmt"/>
        <line num="61" count="1" type="stmt"/>
        <line num="62" count="0" type="stmt"/>
        <line num="63" count="0" type="cond" truecount="0" falsecount="2"/>
        <line num="64" count="0" type="stmt"/>
        <line num="65" count="0" type="stmt"/>
        <line num="67" count="1" type="stmt"/>
        <line num="68" count="203" type="stmt"/>
        <line num="69" count="203" type="cond" truecount="1" falsecount="1"/>
        <line num="70" count="0" type="stmt"/>
        <line num="71" count="203" type="stmt"/>
        <line num="73" count="1" type="stmt"/>
        <line num="74" count="2" type="stmt"/>
        <line num="75" count="2" type="cond" truecount="1" falsecount="1"/>
        <line num="76" count="0" type="stmt"/>
        <line num="77" count="2" type="stmt"/>
        <line num="79" count="1" type="stmt"/>
        <line num="80" count="2" type="stmt"/>
        <line num="81" count="2" type="cond" truecount="1" falsecount="1"/>
        <line num="82" count="0" type="stmt"/>
        <line num="83" count="2" type="stmt"/>
        <line num="85" count="1" type="stmt"/>
        <line num="86" count="0" type="stmt"/>
        <line num="87" count="0" type="cond" truecount="0" falsecount="2"/>
        <line num="88" count="0" type="stmt"/>
        <line num="89" count="0" type="stmt"/>
        <line num="91" count="1" type="stmt"/>
        <line num="92" count="31" type="stmt"/>
        <line num="93" count="31" type="cond" truecount="1" falsecount="1"/>
        <line num="94" count="0" type="stmt"/>
        <line num="95" count="31" type="stmt"/>
        <line num="97" count="1" type="stmt"/>
        <line num="98" count="3" type="stmt"/>
        <line num="99" count="3" type="stmt"/>
        <line num="100" count="3" type="stmt"/>
        <line num="102" count="1" type="stmt"/>
        <line num="103" count="4" type="stmt"/>
        <line num="104" count="4" type="stmt"/>
        <line num="105" count="4" type="stmt"/>
        <line num="107" count="1" type="stmt"/>
        <line num="108" count="0" type="stmt"/>
        <line num="109" count="0" type="stmt"/>
        <line num="110" count="0" type="stmt"/>
        <line num="112" count="1" type="stmt"/>
        <line num="113" count="0" type="stmt"/>
        <line num="114" count="0" type="stmt"/>
        <line num="115" count="0" type="stmt"/>
        <line num="117" count="1" type="stmt"/>
        <line num="118" count="0" type="stmt"/>
        <line num="119" count="0" type="stmt"/>
        <line num="120" count="0" type="stmt"/>
        <line num="122" count="1" type="stmt"/>
        <line num="123" count="0" type="stmt"/>
        <line num="124" count="0" type="stmt"/>
        <line num="125" count="0" type="stmt"/>
        <line num="127" count="1" type="stmt"/>
        <line num="128" count="189" type="stmt"/>
        <line num="129" count="189" type="stmt"/>
        <line num="130" count="189" type="stmt"/>
        <line num="132" count="1" type="stmt"/>
        <line num="133" count="2" type="stmt"/>
        <line num="134" count="2" type="stmt"/>
        <line num="135" count="2" type="stmt"/>
        <line num="137" count="1" type="stmt"/>
        <line num="138" count="3" type="stmt"/>
        <line num="139" count="3" type="stmt"/>
        <line num="140" count="3" type="stmt"/>
        <line num="142" count="1" type="stmt"/>
        <line num="143" count="0" type="stmt"/>
        <line num="144" count="0" type="stmt"/>
        <line num="145" count="0" type="stmt"/>
        <line num="147" count="1" type="stmt"/>
        <line num="148" count="29" type="stmt"/>
        <line num="149" count="29" type="stmt"/>
        <line num="150" count="29" type="stmt"/>
        <line num="153" count="1" type="stmt"/>
        <line num="154" count="230" type="cond" truecount="1" falsecount="1"/>
        <line num="155" count="230" type="stmt"/>
        <line num="158" count="0" type="stmt"/>
        <line num="159" count="0" type="stmt"/>
        <line num="160" count="0" type="stmt"/>
        <line num="161" count="0" type="stmt"/>
        <line num="162" count="0" type="stmt"/>
        <line num="164" count="1" type="stmt"/>
      </file>
    </package>
    <package name="src.decode">
      <metrics statements="229" coveredstatements="172" conditionals="101" coveredconditionals="54" methods="38" coveredmethods="35"/>
      <file name="error.ts" path="C:\dev\cbor\src\decode\error.ts">
        <metrics statements="32" coveredstatements="16" conditionals="20" coveredconditionals="2" methods="5" coveredmethods="2"/>
        <line num="4" count="1" type="cond" truecount="2" falsecount="0"/>
        <line num="5" count="1" type="stmt"/>
        <line num="6" count="1" type="stmt"/>
        <line num="7" count="1" type="stmt"/>
        <line num="8" count="1" type="stmt"/>
        <line num="9" count="1" type="stmt"/>
        <line num="10" count="1" type="stmt"/>
        <line num="11" count="1" type="stmt"/>
        <line num="12" count="1" type="stmt"/>
        <line num="13" count="1" type="stmt"/>
        <line num="14" count="1" type="stmt"/>
        <line num="15" count="1" type="stmt"/>
        <line num="18" count="1" type="stmt"/>
        <line num="19" count="0" type="stmt"/>
        <line num="20" count="0" type="cond" truecount="0" falsecount="2"/>
        <line num="23" count="1" type="stmt"/>
        <line num="24" count="0" type="stmt"/>
        <line num="27" count="1" type="stmt"/>
        <line num="28" count="0" type="stmt"/>
        <line num="30" count="0" type="cond" truecount="0" falsecount="2"/>
        <line num="32" count="0" type="cond" truecount="0" falsecount="2"/>
        <line num="34" count="0" type="stmt"/>
        <line num="36" count="0" type="stmt"/>
        <line num="38" count="0" type="stmt"/>
        <line num="40" count="0" type="stmt"/>
        <line num="42" count="0" type="stmt"/>
        <line num="44" count="0" type="stmt"/>
        <line num="46" count="0" type="stmt"/>
        <line num="48" count="0" type="stmt"/>
        <line num="50" count="0" type="stmt"/>
        <line num="52" count="0" type="stmt"/>
        <line num="55" count="1" type="stmt"/>
      </file>
      <file name="index.ts" path="C:\dev\cbor\src\decode\index.ts">
        <metrics statements="8" coveredstatements="5" conditionals="4" coveredconditionals="2" methods="1" coveredmethods="1"/>
        <line num="4" count="1" type="stmt"/>
        <line num="5" count="1" type="stmt"/>
        <line num="13" count="57" type="cond" truecount="1" falsecount="1"/>
        <line num="14" count="57" type="cond" truecount="1" falsecount="1"/>
        <line num="15" count="0" type="stmt"/>
        <line num="16" count="0" type="stmt"/>
        <line num="18" count="0" type="stmt"/>
        <line num="21" count="57" type="stmt"/>
      </file>
      <file name="parser.ts" path="C:\dev\cbor\src\decode\parser.ts">
        <metrics statements="112" coveredstatements="79" conditionals="53" coveredconditionals="33" methods="7" coveredmethods="7"/>
        <line num="5" count="1" type="stmt"/>
        <line num="6" count="1" type="stmt"/>
        <line num="8" count="1" type="stmt"/>
        <line num="9" count="1" type="stmt"/>
        <line num="11" count="1" type="stmt"/>
        <line num="15" count="57" type="stmt"/>
        <line num="16" count="114" type="cond" truecount="1" falsecount="1"/>
        <line num="18" count="57" type="stmt"/>
        <line num="21" count="1" type="stmt"/>
        <line num="23" count="173" type="stmt"/>
        <line num="24" count="173" type="stmt"/>
        <line num="25" count="0" type="cond" truecount="17" falsecount="5"/>
        <line num="27" count="84" type="stmt"/>
        <line num="29" count="7" type="stmt"/>
        <line num="31" count="1" type="stmt"/>
        <line num="33" count="1" type="stmt"/>
        <line num="35" count="0" type="stmt"/>
        <line num="38" count="4" type="stmt"/>
        <line num="40" count="3" type="stmt"/>
        <line num="42" count="1" type="stmt"/>
        <line num="44" count="1" type="stmt"/>
        <line num="46" count="0" type="stmt"/>
        <line num="49" count="0" type="stmt"/>
        <line num="51" count="17" type="stmt"/>
        <line num="53" count="24" type="stmt"/>
        <line num="55" count="7" type="stmt"/>
        <line num="57" count="1" type="stmt"/>
        <line num="59" count="2" type="stmt"/>
        <line num="61" count="1" type="stmt"/>
        <line num="63" count="1" type="stmt"/>
        <line num="65" count="0" type="stmt"/>
        <line num="67" count="5" type="stmt"/>
        <line num="69" count="5" type="stmt"/>
        <line num="73" count="1" type="stmt"/>
        <line num="74" count="192" type="stmt"/>
        <line num="75" count="192" type="stmt"/>
        <line num="78" count="1" type="stmt"/>
        <line num="79" count="32" type="stmt"/>
        <line num="80" count="32" type="stmt"/>
        <line num="82" count="31" type="stmt"/>
        <line num="83" count="31" type="stmt"/>
        <line num="85" count="0" type="stmt"/>
        <line num="86" count="0" type="stmt"/>
        <line num="88" count="0" type="stmt"/>
        <line num="89" count="0" type="stmt"/>
        <line num="91" count="0" type="stmt"/>
        <line num="92" count="0" type="stmt"/>
        <line num="94" count="0" type="stmt"/>
        <line num="95" count="0" type="stmt"/>
        <line num="96" count="1" type="stmt"/>
        <line num="98" count="0" type="stmt"/>
        <line num="100" count="32" type="stmt"/>
        <line num="101" count="32" type="cond" truecount="2" falsecount="0"/>
        <line num="102" count="31" type="cond" truecount="1" falsecount="1"/>
        <line num="103" count="0" type="stmt"/>
        <line num="104" count="0" type="stmt"/>
        <line num="105" count="0" type="stmt"/>
        <line num="107" count="0" type="stmt"/>
        <line num="109" count="31" type="stmt"/>
        <line num="110" count="31" type="cond" truecount="2" falsecount="0"/>
        <line num="111" count="30" type="stmt"/>
        <line num="114" count="1" type="stmt"/>
        <line num="115" count="1" type="stmt"/>
        <line num="116" count="2" type="stmt"/>
        <line num="118" count="1" type="stmt"/>
        <line num="120" count="32" type="stmt"/>
        <line num="123" count="1" type="stmt"/>
        <line num="124" count="24" type="stmt"/>
        <line num="126" count="24" type="stmt"/>
        <line num="127" count="24" type="stmt"/>
        <line num="129" count="15" type="stmt"/>
        <line num="130" count="15" type="stmt"/>
        <line num="132" count="1" type="stmt"/>
        <line num="133" count="1" type="stmt"/>
        <line num="135" count="0" type="stmt"/>
        <line num="136" count="0" type="stmt"/>
        <line num="138" count="0" type="stmt"/>
        <line num="139" count="0" type="stmt"/>
        <line num="141" count="0" type="stmt"/>
        <line num="142" count="0" type="stmt"/>
        <line num="143" count="8" type="stmt"/>
        <line num="145" count="0" type="stmt"/>
        <line num="147" count="24" type="cond" truecount="2" falsecount="0"/>
        <line num="148" count="16" type="stmt"/>
        <line num="149" count="57" type="stmt"/>
        <line num="152" count="8" type="stmt"/>
        <line num="153" count="46" type="stmt"/>
        <line num="156" count="24" type="stmt"/>
        <line num="159" count="1" type="stmt"/>
        <line num="160" count="7" type="stmt"/>
        <line num="162" count="7" type="stmt"/>
        <line num="163" count="7" type="stmt"/>
        <line num="165" count="4" type="stmt"/>
        <line num="166" count="4" type="stmt"/>
        <line num="168" count="0" type="stmt"/>
        <line num="169" count="0" type="stmt"/>
        <line num="171" count="0" type="stmt"/>
        <line num="172" count="0" type="stmt"/>
        <line num="174" count="0" type="stmt"/>
        <line num="175" count="0" type="stmt"/>
        <line num="177" count="0" type="stmt"/>
        <line num="178" count="0" type="stmt"/>
        <line num="180" count="7" type="cond" truecount="2" falsecount="0"/>
        <line num="181" count="4" type="stmt"/>
        <line num="182" count="8" type="stmt"/>
        <line num="183" count="8" type="stmt"/>
        <line num="184" count="8" type="stmt"/>
        <line num="187" count="3" type="stmt"/>
        <line num="188" count="5" type="stmt"/>
        <line num="189" count="5" type="stmt"/>
        <line num="192" count="7" type="stmt"/>
        <line num="194" count="1" type="stmt"/>
      </file>
      <file name="sax.ts" path="C:\dev\cbor\src\decode\sax.ts">
        <metrics statements="52" coveredstatements="47" conditionals="24" coveredconditionals="17" methods="13" coveredmethods="13"/>
        <line num="4" count="1" type="stmt"/>
        <line num="5" count="1" type="stmt"/>
        <line num="7" count="1" type="stmt"/>
        <line num="11" count="57" type="stmt"/>
        <line num="15" count="57" type="stmt"/>
        <line num="19" count="57" type="stmt"/>
        <line num="22" count="57" type="stmt"/>
        <line num="27" count="1" type="stmt"/>
        <line num="28" count="1" type="stmt"/>
        <line num="31" count="1" type="stmt"/>
        <line num="32" count="1" type="stmt"/>
        <line num="35" count="1" type="stmt"/>
        <line num="36" count="3" type="stmt"/>
        <line num="39" count="1" type="stmt"/>
        <line num="40" count="112" type="stmt"/>
        <line num="43" count="1" type="stmt"/>
        <line num="44" count="17" type="stmt"/>
        <line num="47" count="1" type="stmt"/>
        <line num="48" count="7" type="stmt"/>
        <line num="50" count="7" type="cond" truecount="1" falsecount="1"/>
        <line num="51" count="0" type="stmt"/>
        <line num="55" count="1" type="stmt"/>
        <line num="56" count="13" type="stmt"/>
        <line num="57" count="13" type="cond" truecount="1" falsecount="1"/>
        <line num="58" count="0" type="stmt"/>
        <line num="61" count="13" type="stmt"/>
        <line num="62" count="13" type="stmt"/>
        <line num="65" count="1" type="stmt"/>
        <line num="66" count="7" type="cond" truecount="3" falsecount="1"/>
        <line num="67" count="0" type="stmt"/>
        <line num="70" count="7" type="stmt"/>
        <line num="73" count="1" type="stmt"/>
        <line num="74" count="24" type="stmt"/>
        <line num="76" count="24" type="cond" truecount="1" falsecount="1"/>
        <line num="77" count="0" type="stmt"/>
        <line num="81" count="1" type="stmt"/>
        <line num="82" count="24" type="cond" truecount="3" falsecount="1"/>
        <line num="83" count="0" type="stmt"/>
        <line num="86" count="24" type="stmt"/>
        <line num="89" count="1" type="stmt"/>
        <line num="90" count="165" type="cond" truecount="4" falsecount="0"/>
        <line num="91" count="56" type="stmt"/>
        <line num="92" count="56" type="stmt"/>
        <line num="95" count="109" type="stmt"/>
        <line num="96" count="109" type="cond" truecount="2" falsecount="0"/>
        <line num="97" count="96" type="stmt"/>
        <line num="98" count="96" type="stmt"/>
        <line num="100" count="13" type="cond" truecount="1" falsecount="1"/>
        <line num="101" count="13" type="cond" truecount="1" falsecount="1"/>
        <line num="102" count="13" type="stmt"/>
        <line num="103" count="13" type="stmt"/>
        <line num="106" count="1" type="stmt"/>
      </file>
      <file name="stack.ts" path="C:\dev\cbor\src\decode\stack.ts">
        <metrics statements="25" coveredstatements="25" conditionals="0" coveredconditionals="0" methods="12" coveredmethods="12"/>
        <line num="4" count="1" type="stmt"/>
        <line num="6" count="31" type="stmt"/>
        <line num="7" count="31" type="stmt"/>
        <line num="10" count="1" type="stmt"/>
        <line num="11" count="153" type="stmt"/>
        <line num="14" count="1" type="stmt"/>
        <line num="15" count="20" type="stmt"/>
        <line num="18" count="1" type="stmt"/>
        <line num="19" count="120" type="stmt"/>
        <line num="22" count="1" type="stmt"/>
        <line num="23" count="33" type="stmt"/>
        <line num="25" count="1" type="stmt"/>
        <line num="27" count="1" type="stmt"/>
        <line num="28" count="57" type="stmt"/>
        <line num="30" count="1" type="stmt"/>
        <line num="31" count="196" type="stmt"/>
        <line num="34" count="1" type="stmt"/>
        <line num="35" count="31" type="stmt"/>
        <line num="38" count="1" type="stmt"/>
        <line num="39" count="31" type="stmt"/>
        <line num="42" count="1" type="stmt"/>
        <line num="43" count="153" type="stmt"/>
        <line num="46" count="1" type="stmt"/>
        <line num="47" count="31" type="stmt"/>
        <line num="49" count="1" type="stmt"/>
      </file>
    </package>
    <package name="src.encode">
      <metrics statements="148" coveredstatements="99" conditionals="93" coveredconditionals="56" methods="12" coveredmethods="9"/>
      <file name="error.ts" path="C:\dev\cbor\src\encode\error.ts">
        <metrics statements="23" coveredstatements="12" conditionals="11" coveredconditionals="2" methods="5" coveredmethods="2"/>
        <line num="4" count="1" type="stmt"/>
        <line num="6" count="1" type="cond" truecount="2" falsecount="0"/>
        <line num="7" count="1" type="stmt"/>
        <line num="8" count="1" type="stmt"/>
        <line num="9" count="1" type="stmt"/>
        <line num="10" count="1" type="stmt"/>
        <line num="11" count="1" type="stmt"/>
        <line num="12" count="1" type="stmt"/>
        <line num="15" count="1" type="stmt"/>
        <line num="16" count="0" type="stmt"/>
        <line num="17" count="0" type="cond" truecount="0" falsecount="2"/>
        <line num="21" count="1" type="stmt"/>
        <line num="22" count="0" type="stmt"/>
        <line num="25" count="1" type="stmt"/>
        <line num="26" count="0" type="stmt"/>
        <line num="28" count="0" type="stmt"/>
        <line num="30" count="0" type="stmt"/>
        <line num="32" count="0" type="stmt"/>
        <line num="34" count="0" type="stmt"/>
        <line num="36" count="0" type="stmt"/>
        <line num="38" count="0" type="stmt"/>
        <line num="40" count="0" type="stmt"/>
        <line num="43" count="1" type="stmt"/>
      </file>
      <file name="index.ts" path="C:\dev\cbor\src\encode\index.ts">
        <metrics statements="10" coveredstatements="7" conditionals="6" coveredconditionals="4" methods="1" coveredmethods="1"/>
        <line num="4" count="1" type="stmt"/>
        <line num="12" count="1" type="stmt"/>
        <line num="13" count="55" type="cond" truecount="3" falsecount="1"/>
        <line num="14" count="55" type="stmt"/>
        <line num="15" count="55" type="cond" truecount="1" falsecount="1"/>
        <line num="16" count="0" type="stmt"/>
        <line num="17" count="0" type="stmt"/>
        <line num="19" count="0" type="stmt"/>
        <line num="22" count="55" type="stmt"/>
        <line num="24" count="55" type="stmt"/>
      </file>
      <file name="util.ts" path="C:\dev\cbor\src\encode\util.ts">
        <metrics statements="15" coveredstatements="12" conditionals="14" coveredconditionals="11" methods="2" coveredmethods="2"/>
        <line num="4" count="1" type="stmt"/>
        <line num="6" count="1" type="stmt"/>
        <line num="15" count="1" type="stmt"/>
        <line num="16" count="112" type="cond" truecount="5" falsecount="0"/>
        <line num="24" count="1" type="stmt"/>
        <line num="25" count="177" type="stmt"/>
        <line num="27" count="0" type="stmt"/>
        <line num="29" count="1" type="stmt"/>
        <line num="31" count="3" type="stmt"/>
        <line num="33" count="112" type="stmt"/>
        <line num="35" count="0" type="stmt"/>
        <line num="37" count="30" type="stmt"/>
        <line num="39" count="24" type="stmt"/>
        <line num="41" count="7" type="stmt"/>
        <line num="43" count="0" type="stmt"/>
      </file>
      <file name="writer.ts" path="C:\dev\cbor\src\encode\writer.ts">
        <metrics statements="100" coveredstatements="68" conditionals="62" coveredconditionals="39" methods="4" coveredmethods="4"/>
        <line num="4" count="1" type="stmt"/>
        <line num="5" count="1" type="stmt"/>
        <line num="6" count="1" type="stmt"/>
        <line num="8" count="1" type="stmt"/>
        <line num="10" count="1" type="stmt"/>
        <line num="16" count="55" type="stmt"/>
        <line num="19" count="1" type="stmt"/>
        <line num="20" count="55" type="stmt"/>
        <line num="23" count="1" type="stmt"/>
        <line num="24" count="177" type="stmt"/>
        <line num="26" count="0" type="stmt"/>
        <line num="27" count="0" type="stmt"/>
        <line num="31" count="1" type="stmt"/>
        <line num="32" count="1" type="stmt"/>
        <line num="36" count="3" type="cond" truecount="2" falsecount="0"/>
        <line num="37" count="3" type="stmt"/>
        <line num="41" count="112" type="cond" truecount="2" falsecount="0"/>
        <line num="44" count="7" type="cond" truecount="6" falsecount="0"/>
        <line num="45" count="3" type="stmt"/>
        <line num="46" count="3" type="stmt"/>
        <line num="48" count="4" type="stmt"/>
        <line num="49" count="4" type="stmt"/>
        <line num="52" count="105" type="cond" truecount="2" falsecount="0"/>
        <line num="53" count="95" type="cond" truecount="2" falsecount="0"/>
        <line num="54" count="85" type="stmt"/>
        <line num="56" count="10" type="cond" truecount="2" falsecount="0"/>
        <line num="57" count="7" type="stmt"/>
        <line num="58" count="7" type="stmt"/>
        <line num="60" count="3" type="cond" truecount="2" falsecount="0"/>
        <line num="61" count="1" type="stmt"/>
        <line num="62" count="1" type="stmt"/>
        <line num="64" count="2" type="cond" truecount="1" falsecount="1"/>
        <line num="65" count="2" type="stmt"/>
        <line num="66" count="2" type="stmt"/>
        <line num="69" count="0" type="stmt"/>
        <line num="79" count="10" type="stmt"/>
        <line num="80" count="10" type="cond" truecount="2" falsecount="0"/>
        <line num="81" count="5" type="stmt"/>
        <line num="83" count="5" type="cond" truecount="2" falsecount="0"/>
        <line num="84" count="3" type="stmt"/>
        <line num="85" count="3" type="stmt"/>
        <line num="87" count="2" type="cond" truecount="2" falsecount="0"/>
        <line num="88" count="1" type="stmt"/>
        <line num="89" count="1" type="stmt"/>
        <line num="91" count="1" type="cond" truecount="1" falsecount="1"/>
        <line num="92" count="1" type="stmt"/>
        <line num="93" count="1" type="stmt"/>
        <line num="96" count="0" type="stmt"/>
        <line num="104" count="112" type="stmt"/>
        <line num="108" count="30" type="stmt"/>
        <line num="109" count="30" type="cond" truecount="1" falsecount="1"/>
        <line num="110" count="30" type="stmt"/>
        <line num="112" count="0" type="cond" truecount="0" falsecount="2"/>
        <line num="113" count="0" type="stmt"/>
        <line num="114" count="0" type="stmt"/>
        <line num="116" count="0" type="cond" truecount="0" falsecount="2"/>
        <line num="117" count="0" type="stmt"/>
        <line num="118" count="0" type="stmt"/>
        <line num="120" count="0" type="cond" truecount="0" falsecount="2"/>
        <line num="121" count="0" type="stmt"/>
        <line num="122" count="0" type="stmt"/>
        <line num="125" count="0" type="stmt"/>
        <line num="132" count="30" type="cond" truecount="2" falsecount="0"/>
        <line num="133" count="29" type="stmt"/>
        <line num="135" count="30" type="stmt"/>
        <line num="139" count="24" type="stmt"/>
        <line num="140" count="24" type="cond" truecount="2" falsecount="0"/>
        <line num="141" count="22" type="stmt"/>
        <line num="143" count="2" type="cond" truecount="1" falsecount="1"/>
        <line num="144" count="2" type="stmt"/>
        <line num="145" count="2" type="stmt"/>
        <line num="147" count="0" type="cond" truecount="0" falsecount="2"/>
        <line num="148" count="0" type="stmt"/>
        <line num="149" count="0" type="stmt"/>
        <line num="151" count="0" type="cond" truecount="0" falsecount="2"/>
        <line num="152" count="0" type="stmt"/>
        <line num="153" count="0" type="stmt"/>
        <line num="156" count="0" type="stmt"/>
        <line num="163" count="96" type="stmt"/>
        <line num="164" count="96" type="stmt"/>
        <line num="166" count="24" type="stmt"/>
        <line num="170" count="7" type="stmt"/>
        <line num="171" count="7" type="cond" truecount="1" falsecount="1"/>
        <line num="172" count="7" type="stmt"/>
        <line num="174" count="0" type="cond" truecount="0" falsecount="2"/>
        <line num="175" count="0" type="stmt"/>
        <line num="176" count="0" type="stmt"/>
        <line num="178" count="0" type="cond" truecount="0" falsecount="2"/>
        <line num="179" count="0" type="stmt"/>
        <line num="180" count="0" type="stmt"/>
        <line num="182" count="0" type="cond" truecount="0" falsecount="2"/>
        <line num="183" count="0" type="stmt"/>
        <line num="184" count="0" type="stmt"/>
        <line num="187" count="0" type="stmt"/>
        <line num="194" count="13" type="stmt"/>
        <line num="195" count="13" type="stmt"/>
        <line num="196" count="13" type="stmt"/>
        <line num="198" count="7" type="stmt"/>
        <line num="202" count="0" type="stmt"/>
        <line num="205" count="1" type="stmt"/>
      </file>
    </package>
  </project>
</coverage>
