{"C:\\dev\\cbor\\src\\index.ts": {"path":"C:\\dev\\cbor\\src\\index.ts","statementMap":{"0":{"start":{"line":4,"column":0},"end":{"line":4,"column":33}},"1":{"start":{"line":5,"column":0},"end":{"line":5,"column":33}},"2":{"start":{"line":7,"column":0},"end":{"line":7,"column":13}},"3":{"start":{"line":15,"column":11},"end":{"line":17,"column":null}},"4":{"start":{"line":15,"column":39},"end":{"line":15,"column":null}},"5":{"start":{"line":16,"column":8},"end":{"line":16,"column":43}},"6":{"start":{"line":25,"column":11},"end":{"line":27,"column":null}},"7":{"start":{"line":25,"column":29},"end":{"line":25,"column":null}},"8":{"start":{"line":26,"column":8},"end":{"line":26,"column":41}},"9":{"start":{"line":39,"column":11},"end":{"line":41,"column":null}},"10":{"start":{"line":39,"column":54},"end":{"line":39,"column":null}},"11":{"start":{"line":40,"column":8},"end":{"line":40,"column":49}},"12":{"start":{"line":42,"column":0},"end":{"line":42,"column":null}},"13":{"start":{"line":7,"column":13},"end":{"line":7,"column":17}},"14":{"start":{"line":44,"column":0},"end":{"line":44,"column":20}}},"fnMap":{"0":{"name":"(anonymous_0)","decl":{"start":{"line":7,"column":0},"end":{"line":7,"column":13}},"loc":{"start":{"line":7,"column":0},"end":{"line":42,"column":null}}},"1":{"name":"(anonymous_2)","decl":{"start":{"line":15,"column":4},"end":{"line":15,"column":11}},"loc":{"start":{"line":15,"column":58},"end":{"line":17,"column":5}}},"2":{"name":"(anonymous_3)","decl":{"start":{"line":25,"column":4},"end":{"line":25,"column":11}},"loc":{"start":{"line":25,"column":48},"end":{"line":27,"column":5}}},"3":{"name":"(anonymous_4)","decl":{"start":{"line":39,"column":4},"end":{"line":39,"column":11}},"loc":{"start":{"line":39,"column":73},"end":{"line":41,"column":5}}}},"branchMap":{"0":{"loc":{"start":{"line":15,"column":39},"end":{"line":15,"column":null}},"type":"if","locations":[{"start":{"line":15,"column":39},"end":{"line":15,"column":null}},{"start":{"line":15,"column":39},"end":{"line":15,"column":null}}]},"1":{"loc":{"start":{"line":25,"column":29},"end":{"line":25,"column":null}},"type":"if","locations":[{"start":{"line":25,"column":29},"end":{"line":25,"column":null}},{"start":{"line":25,"column":29},"end":{"line":25,"column":null}}]},"2":{"loc":{"start":{"line":39,"column":54},"end":{"line":39,"column":null}},"type":"if","locations":[{"start":{"line":39,"column":54},"end":{"line":39,"column":null}},{"start":{"line":39,"column":54},"end":{"line":39,"column":null}}]}},"s":{"0":1,"1":1,"2":1,"3":1,"4":57,"5":57,"6":1,"7":55,"8":55,"9":1,"10":0,"11":0,"12":1,"13":1,"14":1},"f":{"0":1,"1":57,"2":55,"3":0},"b":{"0":[0,57],"1":[0,55],"2":[0,0]}}
,"C:\\dev\\cbor\\src\\common\\view.ts": {"path":"C:\\dev\\cbor\\src\\common\\view.ts","statementMap":{"0":{"start":{"line":4,"column":0},"end":{"line":4,"column":null}},"1":{"start":{"line":4,"column":38},"end":{"line":4,"column":43}},"2":{"start":{"line":7,"column":8},"end":{"line":7,"column":null}},"3":{"start":{"line":8,"column":8},"end":{"line":8,"column":71}},"4":{"start":{"line":11,"column":4},"end":{"line":13,"column":null}},"5":{"start":{"line":12,"column":8},"end":{"line":12,"column":48}},"6":{"start":{"line":14,"column":0},"end":{"line":14,"column":null}},"7":{"start":{"line":4,"column":13},"end":{"line":4,"column":29}},"8":{"start":{"line":16,"column":0},"end":{"line":16,"column":13}},"9":{"start":{"line":21,"column":15},"end":{"line":21,"column":null}},"10":{"start":{"line":20,"column":16},"end":{"line":20,"column":35}},"11":{"start":{"line":21,"column":15},"end":{"line":21,"column":25}},"12":{"start":{"line":23,"column":8},"end":{"line":23,"column":73}},"13":{"start":{"line":24,"column":8},"end":{"line":24,"column":53}},"14":{"start":{"line":27,"column":11},"end":{"line":29,"column":null}},"15":{"start":{"line":28,"column":8},"end":{"line":28,"column":45}},"16":{"start":{"line":31,"column":11},"end":{"line":36,"column":null}},"17":{"start":{"line":32,"column":8},"end":{"line":32,"column":25}},"18":{"start":{"line":33,"column":8},"end":{"line":34,"column":79}},"19":{"start":{"line":34,"column":12},"end":{"line":34,"column":79}},"20":{"start":{"line":35,"column":8},"end":{"line":35,"column":60}},"21":{"start":{"line":37,"column":11},"end":{"line":42,"column":null}},"22":{"start":{"line":38,"column":8},"end":{"line":38,"column":25}},"23":{"start":{"line":39,"column":8},"end":{"line":40,"column":79}},"24":{"start":{"line":40,"column":12},"end":{"line":40,"column":79}},"25":{"start":{"line":41,"column":8},"end":{"line":41,"column":60}},"26":{"start":{"line":43,"column":11},"end":{"line":48,"column":null}},"27":{"start":{"line":44,"column":8},"end":{"line":44,"column":25}},"28":{"start":{"line":45,"column":8},"end":{"line":46,"column":79}},"29":{"start":{"line":46,"column":12},"end":{"line":46,"column":79}},"30":{"start":{"line":47,"column":8},"end":{"line":47,"column":50}},"31":{"start":{"line":49,"column":11},"end":{"line":54,"column":null}},"32":{"start":{"line":50,"column":8},"end":{"line":50,"column":25}},"33":{"start":{"line":51,"column":8},"end":{"line":52,"column":79}},"34":{"start":{"line":52,"column":12},"end":{"line":52,"column":79}},"35":{"start":{"line":53,"column":8},"end":{"line":53,"column":58}},"36":{"start":{"line":55,"column":11},"end":{"line":60,"column":null}},"37":{"start":{"line":56,"column":8},"end":{"line":56,"column":25}},"38":{"start":{"line":57,"column":8},"end":{"line":58,"column":79}},"39":{"start":{"line":58,"column":12},"end":{"line":58,"column":79}},"40":{"start":{"line":59,"column":8},"end":{"line":59,"column":58}},"41":{"start":{"line":61,"column":11},"end":{"line":66,"column":null}},"42":{"start":{"line":62,"column":8},"end":{"line":62,"column":25}},"43":{"start":{"line":63,"column":8},"end":{"line":64,"column":79}},"44":{"start":{"line":64,"column":12},"end":{"line":64,"column":79}},"45":{"start":{"line":65,"column":8},"end":{"line":65,"column":61}},"46":{"start":{"line":67,"column":11},"end":{"line":72,"column":null}},"47":{"start":{"line":68,"column":8},"end":{"line":68,"column":25}},"48":{"start":{"line":69,"column":8},"end":{"line":70,"column":79}},"49":{"start":{"line":70,"column":12},"end":{"line":70,"column":79}},"50":{"start":{"line":71,"column":8},"end":{"line":71,"column":51}},"51":{"start":{"line":73,"column":11},"end":{"line":78,"column":null}},"52":{"start":{"line":74,"column":8},"end":{"line":74,"column":25}},"53":{"start":{"line":75,"column":8},"end":{"line":76,"column":79}},"54":{"start":{"line":76,"column":12},"end":{"line":76,"column":79}},"55":{"start":{"line":77,"column":8},"end":{"line":77,"column":59}},"56":{"start":{"line":79,"column":11},"end":{"line":84,"column":null}},"57":{"start":{"line":80,"column":8},"end":{"line":80,"column":25}},"58":{"start":{"line":81,"column":8},"end":{"line":82,"column":79}},"59":{"start":{"line":82,"column":12},"end":{"line":82,"column":79}},"60":{"start":{"line":83,"column":8},"end":{"line":83,"column":59}},"61":{"start":{"line":85,"column":11},"end":{"line":90,"column":null}},"62":{"start":{"line":86,"column":8},"end":{"line":86,"column":25}},"63":{"start":{"line":87,"column":8},"end":{"line":88,"column":79}},"64":{"start":{"line":88,"column":12},"end":{"line":88,"column":79}},"65":{"start":{"line":89,"column":8},"end":{"line":89,"column":62}},"66":{"start":{"line":91,"column":11},"end":{"line":96,"column":null}},"67":{"start":{"line":92,"column":8},"end":{"line":92,"column":30}},"68":{"start":{"line":93,"column":8},"end":{"line":94,"column":79}},"69":{"start":{"line":94,"column":12},"end":{"line":94,"column":79}},"70":{"start":{"line":95,"column":8},"end":{"line":95,"column":89}},"71":{"start":{"line":97,"column":11},"end":{"line":101,"column":null}},"72":{"start":{"line":98,"column":8},"end":{"line":98,"column":25}},"73":{"start":{"line":99,"column":8},"end":{"line":99,"column":33}},"74":{"start":{"line":100,"column":8},"end":{"line":100,"column":60}},"75":{"start":{"line":102,"column":11},"end":{"line":106,"column":null}},"76":{"start":{"line":103,"column":8},"end":{"line":103,"column":25}},"77":{"start":{"line":104,"column":8},"end":{"line":104,"column":33}},"78":{"start":{"line":105,"column":8},"end":{"line":105,"column":60}},"79":{"start":{"line":107,"column":11},"end":{"line":111,"column":null}},"80":{"start":{"line":108,"column":8},"end":{"line":108,"column":25}},"81":{"start":{"line":109,"column":8},"end":{"line":109,"column":33}},"82":{"start":{"line":110,"column":8},"end":{"line":110,"column":50}},"83":{"start":{"line":112,"column":11},"end":{"line":116,"column":null}},"84":{"start":{"line":113,"column":8},"end":{"line":113,"column":25}},"85":{"start":{"line":114,"column":8},"end":{"line":114,"column":33}},"86":{"start":{"line":115,"column":8},"end":{"line":115,"column":58}},"87":{"start":{"line":117,"column":11},"end":{"line":121,"column":null}},"88":{"start":{"line":118,"column":8},"end":{"line":118,"column":25}},"89":{"start":{"line":119,"column":8},"end":{"line":119,"column":33}},"90":{"start":{"line":120,"column":8},"end":{"line":120,"column":58}},"91":{"start":{"line":122,"column":11},"end":{"line":126,"column":null}},"92":{"start":{"line":123,"column":8},"end":{"line":123,"column":25}},"93":{"start":{"line":124,"column":8},"end":{"line":124,"column":33}},"94":{"start":{"line":125,"column":8},"end":{"line":125,"column":61}},"95":{"start":{"line":127,"column":11},"end":{"line":131,"column":null}},"96":{"start":{"line":128,"column":8},"end":{"line":128,"column":25}},"97":{"start":{"line":129,"column":8},"end":{"line":129,"column":33}},"98":{"start":{"line":130,"column":8},"end":{"line":130,"column":51}},"99":{"start":{"line":132,"column":11},"end":{"line":136,"column":null}},"100":{"start":{"line":133,"column":8},"end":{"line":133,"column":25}},"101":{"start":{"line":134,"column":8},"end":{"line":134,"column":33}},"102":{"start":{"line":135,"column":8},"end":{"line":135,"column":59}},"103":{"start":{"line":137,"column":11},"end":{"line":141,"column":null}},"104":{"start":{"line":138,"column":8},"end":{"line":138,"column":25}},"105":{"start":{"line":139,"column":8},"end":{"line":139,"column":33}},"106":{"start":{"line":140,"column":8},"end":{"line":140,"column":59}},"107":{"start":{"line":142,"column":11},"end":{"line":146,"column":null}},"108":{"start":{"line":143,"column":8},"end":{"line":143,"column":25}},"109":{"start":{"line":144,"column":8},"end":{"line":144,"column":33}},"110":{"start":{"line":145,"column":8},"end":{"line":145,"column":62}},"111":{"start":{"line":147,"column":11},"end":{"line":151,"column":null}},"112":{"start":{"line":148,"column":8},"end":{"line":148,"column":40}},"113":{"start":{"line":149,"column":8},"end":{"line":149,"column":33}},"114":{"start":{"line":150,"column":8},"end":{"line":150,"column":66}},"115":{"start":{"line":153,"column":11},"end":{"line":163,"column":null}},"116":{"start":{"line":154,"column":8},"end":{"line":156,"column":null}},"117":{"start":{"line":155,"column":12},"end":{"line":155,"column":19}},"118":{"start":{"line":158,"column":26},"end":{"line":158,"column":37}},"119":{"start":{"line":159,"column":8},"end":{"line":159,"column":44}},"120":{"start":{"line":160,"column":8},"end":{"line":160,"column":53}},"121":{"start":{"line":161,"column":8},"end":{"line":161,"column":54}},"122":{"start":{"line":162,"column":8},"end":{"line":162,"column":46}},"123":{"start":{"line":164,"column":0},"end":{"line":164,"column":null}},"124":{"start":{"line":16,"column":13},"end":{"line":16,"column":17}}},"fnMap":{"0":{"name":"(anonymous_6)","decl":{"start":{"line":4,"column":0},"end":{"line":4,"column":13}},"loc":{"start":{"line":4,"column":0},"end":{"line":14,"column":null}}},"1":{"name":"OutOfBoundsError","decl":{"start":{"line":6,"column":4},"end":{"line":6,"column":16}},"loc":{"start":{"line":6,"column":46},"end":{"line":9,"column":5}}},"2":{"name":"(anonymous_8)","decl":{"start":{"line":11,"column":4},"end":{"line":11,"column":12}},"loc":{"start":{"line":11,"column":4},"end":{"line":13,"column":5}}},"3":{"name":"(anonymous_9)","decl":{"start":{"line":16,"column":0},"end":{"line":16,"column":13}},"loc":{"start":{"line":16,"column":0},"end":{"line":164,"column":null}}},"4":{"name":"View","decl":{"start":{"line":19,"column":4},"end":{"line":19,"column":null}},"loc":{"start":{"line":21,"column":25},"end":{"line":25,"column":5}}},"5":{"name":"(anonymous_11)","decl":{"start":{"line":27,"column":4},"end":{"line":27,"column":11}},"loc":{"start":{"line":27,"column":44},"end":{"line":29,"column":5}}},"6":{"name":"(anonymous_12)","decl":{"start":{"line":31,"column":4},"end":{"line":31,"column":11}},"loc":{"start":{"line":31,"column":4},"end":{"line":36,"column":5}}},"7":{"name":"(anonymous_13)","decl":{"start":{"line":37,"column":4},"end":{"line":37,"column":11}},"loc":{"start":{"line":37,"column":4},"end":{"line":42,"column":5}}},"8":{"name":"(anonymous_14)","decl":{"start":{"line":43,"column":4},"end":{"line":43,"column":11}},"loc":{"start":{"line":43,"column":4},"end":{"line":48,"column":5}}},"9":{"name":"(anonymous_15)","decl":{"start":{"line":49,"column":4},"end":{"line":49,"column":11}},"loc":{"start":{"line":49,"column":4},"end":{"line":54,"column":5}}},"10":{"name":"(anonymous_16)","decl":{"start":{"line":55,"column":4},"end":{"line":55,"column":11}},"loc":{"start":{"line":55,"column":4},"end":{"line":60,"column":5}}},"11":{"name":"(anonymous_17)","decl":{"start":{"line":61,"column":4},"end":{"line":61,"column":11}},"loc":{"start":{"line":61,"column":4},"end":{"line":66,"column":5}}},"12":{"name":"(anonymous_18)","decl":{"start":{"line":67,"column":4},"end":{"line":67,"column":11}},"loc":{"start":{"line":67,"column":4},"end":{"line":72,"column":5}}},"13":{"name":"(anonymous_19)","decl":{"start":{"line":73,"column":4},"end":{"line":73,"column":11}},"loc":{"start":{"line":73,"column":4},"end":{"line":78,"column":5}}},"14":{"name":"(anonymous_20)","decl":{"start":{"line":79,"column":4},"end":{"line":79,"column":11}},"loc":{"start":{"line":79,"column":4},"end":{"line":84,"column":5}}},"15":{"name":"(anonymous_21)","decl":{"start":{"line":85,"column":4},"end":{"line":85,"column":11}},"loc":{"start":{"line":85,"column":4},"end":{"line":90,"column":5}}},"16":{"name":"(anonymous_22)","decl":{"start":{"line":91,"column":4},"end":{"line":91,"column":11}},"loc":{"start":{"line":91,"column":34},"end":{"line":96,"column":5}}},"17":{"name":"(anonymous_23)","decl":{"start":{"line":97,"column":4},"end":{"line":97,"column":11}},"loc":{"start":{"line":97,"column":35},"end":{"line":101,"column":5}}},"18":{"name":"(anonymous_24)","decl":{"start":{"line":102,"column":4},"end":{"line":102,"column":11}},"loc":{"start":{"line":102,"column":35},"end":{"line":106,"column":5}}},"19":{"name":"(anonymous_25)","decl":{"start":{"line":107,"column":4},"end":{"line":107,"column":11}},"loc":{"start":{"line":107,"column":32},"end":{"line":111,"column":5}}},"20":{"name":"(anonymous_26)","decl":{"start":{"line":112,"column":4},"end":{"line":112,"column":11}},"loc":{"start":{"line":112,"column":33},"end":{"line":116,"column":5}}},"21":{"name":"(anonymous_27)","decl":{"start":{"line":117,"column":4},"end":{"line":117,"column":11}},"loc":{"start":{"line":117,"column":33},"end":{"line":121,"column":5}}},"22":{"name":"(anonymous_28)","decl":{"start":{"line":122,"column":4},"end":{"line":122,"column":11}},"loc":{"start":{"line":122,"column":33},"end":{"line":126,"column":5}}},"23":{"name":"(anonymous_29)","decl":{"start":{"line":127,"column":4},"end":{"line":127,"column":11}},"loc":{"start":{"line":127,"column":33},"end":{"line":131,"column":5}}},"24":{"name":"(anonymous_30)","decl":{"start":{"line":132,"column":4},"end":{"line":132,"column":11}},"loc":{"start":{"line":132,"column":34},"end":{"line":136,"column":5}}},"25":{"name":"(anonymous_31)","decl":{"start":{"line":137,"column":4},"end":{"line":137,"column":11}},"loc":{"start":{"line":137,"column":34},"end":{"line":141,"column":5}}},"26":{"name":"(anonymous_32)","decl":{"start":{"line":142,"column":4},"end":{"line":142,"column":11}},"loc":{"start":{"line":142,"column":34},"end":{"line":146,"column":5}}},"27":{"name":"(anonymous_33)","decl":{"start":{"line":147,"column":4},"end":{"line":147,"column":11}},"loc":{"start":{"line":147,"column":37},"end":{"line":151,"column":5}}},"28":{"name":"(anonymous_34)","decl":{"start":{"line":153,"column":4},"end":{"line":153,"column":11}},"loc":{"start":{"line":153,"column":30},"end":{"line":163,"column":5}}}},"branchMap":{"0":{"loc":{"start":{"line":7,"column":8},"end":{"line":7,"column":65}},"type":"binary-expr","locations":[{"start":{"line":7,"column":8},"end":{"line":7,"column":65}},{"start":{"line":7,"column":65},"end":{"line":7,"column":null}}]},"1":{"loc":{"start":{"line":21,"column":15},"end":{"line":21,"column":null}},"type":"if","locations":[{"start":{"line":21,"column":15},"end":{"line":21,"column":null}},{"start":{"line":21,"column":15},"end":{"line":21,"column":null}}]},"2":{"loc":{"start":{"line":33,"column":8},"end":{"line":34,"column":79}},"type":"if","locations":[{"start":{"line":33,"column":8},"end":{"line":34,"column":79}},{"start":{"line":33,"column":8},"end":{"line":34,"column":79}}]},"3":{"loc":{"start":{"line":39,"column":8},"end":{"line":40,"column":79}},"type":"if","locations":[{"start":{"line":39,"column":8},"end":{"line":40,"column":79}},{"start":{"line":39,"column":8},"end":{"line":40,"column":79}}]},"4":{"loc":{"start":{"line":45,"column":8},"end":{"line":46,"column":79}},"type":"if","locations":[{"start":{"line":45,"column":8},"end":{"line":46,"column":79}},{"start":{"line":45,"column":8},"end":{"line":46,"column":79}}]},"5":{"loc":{"start":{"line":51,"column":8},"end":{"line":52,"column":79}},"type":"if","locations":[{"start":{"line":51,"column":8},"end":{"line":52,"column":79}},{"start":{"line":51,"column":8},"end":{"line":52,"column":79}}]},"6":{"loc":{"start":{"line":57,"column":8},"end":{"line":58,"column":79}},"type":"if","locations":[{"start":{"line":57,"column":8},"end":{"line":58,"column":79}},{"start":{"line":57,"column":8},"end":{"line":58,"column":79}}]},"7":{"loc":{"start":{"line":63,"column":8},"end":{"line":64,"column":79}},"type":"if","locations":[{"start":{"line":63,"column":8},"end":{"line":64,"column":79}},{"start":{"line":63,"column":8},"end":{"line":64,"column":79}}]},"8":{"loc":{"start":{"line":69,"column":8},"end":{"line":70,"column":79}},"type":"if","locations":[{"start":{"line":69,"column":8},"end":{"line":70,"column":79}},{"start":{"line":69,"column":8},"end":{"line":70,"column":79}}]},"9":{"loc":{"start":{"line":75,"column":8},"end":{"line":76,"column":79}},"type":"if","locations":[{"start":{"line":75,"column":8},"end":{"line":76,"column":79}},{"start":{"line":75,"column":8},"end":{"line":76,"column":79}}]},"10":{"loc":{"start":{"line":81,"column":8},"end":{"line":82,"column":79}},"type":"if","locations":[{"start":{"line":81,"column":8},"end":{"line":82,"column":79}},{"start":{"line":81,"column":8},"end":{"line":82,"column":79}}]},"11":{"loc":{"start":{"line":87,"column":8},"end":{"line":88,"column":79}},"type":"if","locations":[{"start":{"line":87,"column":8},"end":{"line":88,"column":79}},{"start":{"line":87,"column":8},"end":{"line":88,"column":79}}]},"12":{"loc":{"start":{"line":93,"column":8},"end":{"line":94,"column":79}},"type":"if","locations":[{"start":{"line":93,"column":8},"end":{"line":94,"column":79}},{"start":{"line":93,"column":8},"end":{"line":94,"column":79}}]},"13":{"loc":{"start":{"line":154,"column":8},"end":{"line":156,"column":null}},"type":"if","locations":[{"start":{"line":154,"column":8},"end":{"line":156,"column":null}},{"start":{"line":154,"column":8},"end":{"line":156,"column":null}}]}},"s":{"0":1,"1":1,"2":0,"3":0,"4":1,"5":0,"6":1,"7":1,"8":1,"9":224,"10":112,"11":112,"12":112,"13":112,"14":1,"15":55,"16":1,"17":5,"18":5,"19":0,"20":5,"21":1,"22":5,"23":5,"24":0,"25":5,"26":1,"27":0,"28":0,"29":0,"30":0,"31":1,"32":0,"33":0,"34":0,"35":0,"36":1,"37":0,"38":0,"39":0,"40":0,"41":1,"42":0,"43":0,"44":0,"45":0,"46":1,"47":203,"48":203,"49":0,"50":203,"51":1,"52":2,"53":2,"54":0,"55":2,"56":1,"57":2,"58":2,"59":0,"60":2,"61":1,"62":0,"63":0,"64":0,"65":0,"66":1,"67":31,"68":31,"69":0,"70":31,"71":1,"72":3,"73":3,"74":3,"75":1,"76":4,"77":4,"78":4,"79":1,"80":0,"81":0,"82":0,"83":1,"84":0,"85":0,"86":0,"87":1,"88":0,"89":0,"90":0,"91":1,"92":0,"93":0,"94":0,"95":1,"96":189,"97":189,"98":189,"99":1,"100":2,"101":2,"102":2,"103":1,"104":3,"105":3,"106":3,"107":1,"108":0,"109":0,"110":0,"111":1,"112":29,"113":29,"114":29,"115":1,"116":230,"117":230,"118":0,"119":0,"120":0,"121":0,"122":0,"123":1,"124":1},"f":{"0":1,"1":0,"2":0,"3":1,"4":112,"5":55,"6":5,"7":5,"8":0,"9":0,"10":0,"11":0,"12":203,"13":2,"14":2,"15":0,"16":31,"17":3,"18":4,"19":0,"20":0,"21":0,"22":0,"23":189,"24":2,"25":3,"26":0,"27":29,"28":230},"b":{"0":[0,0],"1":[112,0],"2":[0,5],"3":[0,5],"4":[0,0],"5":[0,0],"6":[0,0],"7":[0,0],"8":[0,203],"9":[0,2],"10":[0,2],"11":[0,0],"12":[0,31],"13":[230,0]}}
,"C:\\dev\\cbor\\src\\decode\\error.ts": {"path":"C:\\dev\\cbor\\src\\decode\\error.ts","statementMap":{"0":{"start":{"line":4,"column":0},"end":{"line":4,"column":null}},"1":{"start":{"line":5,"column":4},"end":{"line":5,"column":null}},"2":{"start":{"line":6,"column":4},"end":{"line":6,"column":null}},"3":{"start":{"line":7,"column":4},"end":{"line":7,"column":null}},"4":{"start":{"line":8,"column":4},"end":{"line":8,"column":null}},"5":{"start":{"line":9,"column":4},"end":{"line":9,"column":null}},"6":{"start":{"line":10,"column":4},"end":{"line":10,"column":null}},"7":{"start":{"line":11,"column":4},"end":{"line":11,"column":null}},"8":{"start":{"line":12,"column":4},"end":{"line":12,"column":null}},"9":{"start":{"line":13,"column":4},"end":{"line":13,"column":null}},"10":{"start":{"line":14,"column":4},"end":{"line":14,"column":null}},"11":{"start":{"line":15,"column":4},"end":{"line":15,"column":null}},"12":{"start":{"line":18,"column":0},"end":{"line":18,"column":null}},"13":{"start":{"line":18,"column":32},"end":{"line":18,"column":37}},"14":{"start":{"line":20,"column":8},"end":{"line":20,"column":null}},"15":{"start":{"line":19,"column":32},"end":{"line":19,"column":44}},"16":{"start":{"line":23,"column":11},"end":{"line":25,"column":null}},"17":{"start":{"line":24,"column":8},"end":{"line":24,"column":42}},"18":{"start":{"line":27,"column":18},"end":{"line":54,"column":null}},"19":{"start":{"line":28,"column":8},"end":{"line":53,"column":null}},"20":{"start":{"line":30,"column":16},"end":{"line":30,"column":96}},"21":{"start":{"line":32,"column":16},"end":{"line":32,"column":99}},"22":{"start":{"line":34,"column":16},"end":{"line":34,"column":97}},"23":{"start":{"line":36,"column":16},"end":{"line":36,"column":96}},"24":{"start":{"line":38,"column":16},"end":{"line":38,"column":94}},"25":{"start":{"line":40,"column":16},"end":{"line":40,"column":70}},"26":{"start":{"line":42,"column":16},"end":{"line":42,"column":112}},"27":{"start":{"line":44,"column":16},"end":{"line":44,"column":80}},"28":{"start":{"line":46,"column":16},"end":{"line":46,"column":74}},"29":{"start":{"line":48,"column":16},"end":{"line":48,"column":74}},"30":{"start":{"line":50,"column":16},"end":{"line":50,"column":71}},"31":{"start":{"line":52,"column":16},"end":{"line":52,"column":60}},"32":{"start":{"line":55,"column":0},"end":{"line":55,"column":null}},"33":{"start":{"line":18,"column":13},"end":{"line":18,"column":23}}},"fnMap":{"0":{"name":"(anonymous_6)","decl":{"start":{"line":4,"column":0},"end":{"line":4,"column":12}},"loc":{"start":{"line":4,"column":21},"end":{"line":16,"column":1}}},"1":{"name":"(anonymous_7)","decl":{"start":{"line":18,"column":0},"end":{"line":18,"column":13}},"loc":{"start":{"line":18,"column":0},"end":{"line":55,"column":null}}},"2":{"name":"ParseError","decl":{"start":{"line":19,"column":4},"end":{"line":19,"column":32}},"loc":{"start":{"line":19,"column":44},"end":{"line":21,"column":5}}},"3":{"name":"(anonymous_9)","decl":{"start":{"line":23,"column":4},"end":{"line":23,"column":11}},"loc":{"start":{"line":23,"column":4},"end":{"line":25,"column":5}}},"4":{"name":"(anonymous_10)","decl":{"start":{"line":27,"column":4},"end":{"line":27,"column":18}},"loc":{"start":{"line":27,"column":72},"end":{"line":54,"column":5}}}},"branchMap":{"0":{"loc":{"start":{"line":4,"column":12},"end":{"line":4,"column":21}},"type":"binary-expr","locations":[{"start":{"line":4,"column":12},"end":{"line":4,"column":21}},{"start":{"line":4,"column":12},"end":{"line":4,"column":null}}]},"1":{"loc":{"start":{"line":20,"column":8},"end":{"line":20,"column":19}},"type":"binary-expr","locations":[{"start":{"line":20,"column":8},"end":{"line":20,"column":19}},{"start":{"line":20,"column":19},"end":{"line":20,"column":null}}]},"2":{"loc":{"start":{"line":29,"column":12},"end":{"line":30,"column":96}},"type":"switch","locations":[{"start":{"line":29,"column":12},"end":{"line":30,"column":96}},{"start":{"line":31,"column":12},"end":{"line":32,"column":99}},{"start":{"line":33,"column":12},"end":{"line":34,"column":97}},{"start":{"line":35,"column":12},"end":{"line":36,"column":96}},{"start":{"line":37,"column":12},"end":{"line":38,"column":94}},{"start":{"line":39,"column":12},"end":{"line":40,"column":70}},{"start":{"line":41,"column":12},"end":{"line":42,"column":112}},{"start":{"line":43,"column":12},"end":{"line":44,"column":80}},{"start":{"line":45,"column":12},"end":{"line":46,"column":74}},{"start":{"line":47,"column":12},"end":{"line":48,"column":74}},{"start":{"line":49,"column":12},"end":{"line":50,"column":71}},{"start":{"line":51,"column":12},"end":{"line":52,"column":60}}]},"3":{"loc":{"start":{"line":30,"column":75},"end":{"line":30,"column":77}},"type":"cond-expr","locations":[{"start":{"line":30,"column":75},"end":{"line":30,"column":77}},{"start":{"line":30,"column":80},"end":{"line":30,"column":92}}]},"4":{"loc":{"start":{"line":32,"column":79},"end":{"line":32,"column":81}},"type":"cond-expr","locations":[{"start":{"line":32,"column":79},"end":{"line":32,"column":81}},{"start":{"line":32,"column":84},"end":{"line":32,"column":95}}]}},"s":{"0":1,"1":1,"2":1,"3":1,"4":1,"5":1,"6":1,"7":1,"8":1,"9":1,"10":1,"11":1,"12":1,"13":1,"14":0,"15":0,"16":1,"17":0,"18":1,"19":0,"20":0,"21":0,"22":0,"23":0,"24":0,"25":0,"26":0,"27":0,"28":0,"29":0,"30":0,"31":0,"32":1,"33":1},"f":{"0":1,"1":1,"2":0,"3":0,"4":0},"b":{"0":[1,1],"1":[0,0],"2":[0,0,0,0,0,0,0,0,0,0,0,0],"3":[0,0],"4":[0,0]}}
,"C:\\dev\\cbor\\src\\decode\\index.ts": {"path":"C:\\dev\\cbor\\src\\decode\\index.ts","statementMap":{"0":{"start":{"line":4,"column":0},"end":{"line":4,"column":34}},"1":{"start":{"line":5,"column":0},"end":{"line":5,"column":33}},"2":{"start":{"line":13,"column":42},"end":{"line":13,"column":null}},"3":{"start":{"line":14,"column":4},"end":{"line":22,"column":null}},"4":{"start":{"line":15,"column":8},"end":{"line":19,"column":null}},"5":{"start":{"line":16,"column":12},"end":{"line":16,"column":54}},"6":{"start":{"line":18,"column":12},"end":{"line":18,"column":24}},"7":{"start":{"line":21,"column":8},"end":{"line":21,"column":50}},"8":{"start":{"line":13,"column":0},"end":{"line":13,"column":16}}},"fnMap":{"0":{"name":"decode","decl":{"start":{"line":13,"column":16},"end":{"line":13,"column":22}},"loc":{"start":{"line":13,"column":61},"end":{"line":23,"column":1}}}},"branchMap":{"0":{"loc":{"start":{"line":13,"column":42},"end":{"line":13,"column":null}},"type":"if","locations":[{"start":{"line":13,"column":42},"end":{"line":13,"column":null}},{"start":{"line":13,"column":42},"end":{"line":13,"column":null}}]},"1":{"loc":{"start":{"line":14,"column":4},"end":{"line":22,"column":null}},"type":"if","locations":[{"start":{"line":14,"column":4},"end":{"line":22,"column":null}},{"start":{"line":14,"column":4},"end":{"line":22,"column":null}}]}},"s":{"0":1,"1":1,"2":57,"3":57,"4":0,"5":0,"6":0,"7":57,"8":1},"f":{"0":57},"b":{"0":[0,57],"1":[0,57]}}
,"C:\\dev\\cbor\\src\\decode\\parser.ts": {"path":"C:\\dev\\cbor\\src\\decode\\parser.ts","statementMap":{"0":{"start":{"line":5,"column":0},"end":{"line":5,"column":47}},"1":{"start":{"line":6,"column":0},"end":{"line":6,"column":27}},"2":{"start":{"line":8,"column":18},"end":{"line":8,"column":28}},"3":{"start":{"line":9,"column":21},"end":{"line":9,"column":38}},"4":{"start":{"line":11,"column":0},"end":{"line":11,"column":13}},"5":{"start":{"line":16,"column":8},"end":{"line":16,"column":null}},"6":{"start":{"line":15,"column":25},"end":{"line":15,"column":35}},"7":{"start":{"line":18,"column":8},"end":{"line":18,"column":38}},"8":{"start":{"line":21,"column":11},"end":{"line":71,"column":null}},"9":{"start":{"line":23,"column":8},"end":{"line":23,"column":19}},"10":{"start":{"line":24,"column":8},"end":{"line":70,"column":null}},"11":{"start":{"line":25,"column":46},"end":{"line":25,"column":125}},"12":{"start":{"line":27,"column":16},"end":{"line":27,"column":59}},"13":{"start":{"line":29,"column":16},"end":{"line":29,"column":61}},"14":{"start":{"line":31,"column":16},"end":{"line":31,"column":62}},"15":{"start":{"line":33,"column":16},"end":{"line":33,"column":62}},"16":{"start":{"line":35,"column":16},"end":{"line":35,"column":69}},"17":{"start":{"line":38,"column":16},"end":{"line":38,"column":80}},"18":{"start":{"line":40,"column":16},"end":{"line":40,"column":68}},"19":{"start":{"line":42,"column":16},"end":{"line":42,"column":69}},"20":{"start":{"line":44,"column":16},"end":{"line":44,"column":69}},"21":{"start":{"line":46,"column":16},"end":{"line":46,"column":69}},"22":{"start":{"line":49,"column":16},"end":{"line":49,"column":74}},"23":{"start":{"line":51,"column":16},"end":{"line":51,"column":58}},"24":{"start":{"line":53,"column":16},"end":{"line":53,"column":40}},"25":{"start":{"line":55,"column":16},"end":{"line":55,"column":41}},"26":{"start":{"line":57,"column":16},"end":{"line":57,"column":47}},"27":{"start":{"line":59,"column":16},"end":{"line":59,"column":46}},"28":{"start":{"line":61,"column":16},"end":{"line":61,"column":39}},"29":{"start":{"line":63,"column":16},"end":{"line":63,"column":44}},"30":{"start":{"line":65,"column":16},"end":{"line":65,"column":67}},"31":{"start":{"line":67,"column":16},"end":{"line":67,"column":63}},"32":{"start":{"line":69,"column":16},"end":{"line":69,"column":63}},"33":{"start":{"line":73,"column":12},"end":{"line":76,"column":null}},"34":{"start":{"line":74,"column":8},"end":{"line":74,"column":50}},"35":{"start":{"line":75,"column":8},"end":{"line":75,"column":34}},"36":{"start":{"line":78,"column":12},"end":{"line":121,"column":null}},"37":{"start":{"line":79,"column":35},"end":{"line":79,"column":37}},"38":{"start":{"line":80,"column":8},"end":{"line":99,"column":null}},"39":{"start":{"line":82,"column":16},"end":{"line":82,"column":53}},"40":{"start":{"line":83,"column":16},"end":{"line":83,"column":22}},"41":{"start":{"line":85,"column":16},"end":{"line":85,"column":43}},"42":{"start":{"line":86,"column":16},"end":{"line":86,"column":22}},"43":{"start":{"line":88,"column":16},"end":{"line":88,"column":44}},"44":{"start":{"line":89,"column":16},"end":{"line":89,"column":22}},"45":{"start":{"line":91,"column":16},"end":{"line":91,"column":44}},"46":{"start":{"line":92,"column":16},"end":{"line":92,"column":22}},"47":{"start":{"line":94,"column":16},"end":{"line":94,"column":44}},"48":{"start":{"line":95,"column":16},"end":{"line":95,"column":22}},"49":{"start":{"line":96,"column":48},"end":{"line":96,"column":54}},"50":{"start":{"line":98,"column":16},"end":{"line":98,"column":135}},"51":{"start":{"line":100,"column":33},"end":{"line":100,"column":35}},"52":{"start":{"line":101,"column":8},"end":{"line":119,"column":null}},"53":{"start":{"line":102,"column":12},"end":{"line":112,"column":null}},"54":{"start":{"line":103,"column":30},"end":{"line":103,"column":32}},"55":{"start":{"line":104,"column":16},"end":{"line":106,"column":null}},"56":{"start":{"line":104,"column":29},"end":{"line":104,"column":30}},"57":{"start":{"line":105,"column":20},"end":{"line":105,"column":43}},"58":{"start":{"line":107,"column":16},"end":{"line":107,"column":72}},"59":{"start":{"line":109,"column":30},"end":{"line":109,"column":53}},"60":{"start":{"line":110,"column":16},"end":{"line":111,"column":60}},"61":{"start":{"line":111,"column":20},"end":{"line":111,"column":60}},"62":{"start":{"line":114,"column":27},"end":{"line":114,"column":29}},"63":{"start":{"line":115,"column":12},"end":{"line":117,"column":null}},"64":{"start":{"line":116,"column":16},"end":{"line":116,"column":47}},"65":{"start":{"line":118,"column":12},"end":{"line":118,"column":35}},"66":{"start":{"line":120,"column":8},"end":{"line":120,"column":31}},"67":{"start":{"line":123,"column":12},"end":{"line":157,"column":null}},"68":{"start":{"line":124,"column":8},"end":{"line":124,"column":31}},"69":{"start":{"line":126,"column":35},"end":{"line":126,"column":37}},"70":{"start":{"line":127,"column":8},"end":{"line":146,"column":null}},"71":{"start":{"line":129,"column":16},"end":{"line":129,"column":53}},"72":{"start":{"line":130,"column":16},"end":{"line":130,"column":22}},"73":{"start":{"line":132,"column":16},"end":{"line":132,"column":43}},"74":{"start":{"line":133,"column":16},"end":{"line":133,"column":22}},"75":{"start":{"line":135,"column":16},"end":{"line":135,"column":44}},"76":{"start":{"line":136,"column":16},"end":{"line":136,"column":22}},"77":{"start":{"line":138,"column":16},"end":{"line":138,"column":44}},"78":{"start":{"line":139,"column":16},"end":{"line":139,"column":22}},"79":{"start":{"line":141,"column":16},"end":{"line":141,"column":44}},"80":{"start":{"line":142,"column":16},"end":{"line":142,"column":22}},"81":{"start":{"line":143,"column":48},"end":{"line":143,"column":54}},"82":{"start":{"line":145,"column":16},"end":{"line":145,"column":null}},"83":{"start":{"line":147,"column":8},"end":{"line":155,"column":null}},"84":{"start":{"line":148,"column":12},"end":{"line":150,"column":null}},"85":{"start":{"line":148,"column":25},"end":{"line":148,"column":26}},"86":{"start":{"line":149,"column":16},"end":{"line":149,"column":29}},"87":{"start":{"line":152,"column":12},"end":{"line":154,"column":null}},"88":{"start":{"line":153,"column":16},"end":{"line":153,"column":29}},"89":{"start":{"line":156,"column":8},"end":{"line":156,"column":36}},"90":{"start":{"line":159,"column":12},"end":{"line":193,"column":null}},"91":{"start":{"line":160,"column":8},"end":{"line":160,"column":32}},"92":{"start":{"line":162,"column":35},"end":{"line":162,"column":37}},"93":{"start":{"line":163,"column":8},"end":{"line":179,"column":null}},"94":{"start":{"line":165,"column":16},"end":{"line":165,"column":53}},"95":{"start":{"line":166,"column":16},"end":{"line":166,"column":22}},"96":{"start":{"line":168,"column":16},"end":{"line":168,"column":43}},"97":{"start":{"line":169,"column":16},"end":{"line":169,"column":22}},"98":{"start":{"line":171,"column":16},"end":{"line":171,"column":44}},"99":{"start":{"line":172,"column":16},"end":{"line":172,"column":22}},"100":{"start":{"line":174,"column":16},"end":{"line":174,"column":44}},"101":{"start":{"line":175,"column":16},"end":{"line":175,"column":22}},"102":{"start":{"line":177,"column":16},"end":{"line":177,"column":44}},"103":{"start":{"line":178,"column":16},"end":{"line":178,"column":22}},"104":{"start":{"line":180,"column":8},"end":{"line":191,"column":null}},"105":{"start":{"line":181,"column":12},"end":{"line":185,"column":null}},"106":{"start":{"line":181,"column":25},"end":{"line":181,"column":26}},"107":{"start":{"line":182,"column":16},"end":{"line":182,"column":27}},"108":{"start":{"line":183,"column":16},"end":{"line":183,"column":48}},"109":{"start":{"line":184,"column":16},"end":{"line":184,"column":29}},"110":{"start":{"line":187,"column":12},"end":{"line":190,"column":null}},"111":{"start":{"line":188,"column":16},"end":{"line":188,"column":48}},"112":{"start":{"line":189,"column":16},"end":{"line":189,"column":29}},"113":{"start":{"line":192,"column":8},"end":{"line":192,"column":37}},"114":{"start":{"line":194,"column":0},"end":{"line":194,"column":null}},"115":{"start":{"line":11,"column":13},"end":{"line":11,"column":19}}},"fnMap":{"0":{"name":"(anonymous_0)","decl":{"start":{"line":11,"column":0},"end":{"line":11,"column":13}},"loc":{"start":{"line":11,"column":0},"end":{"line":194,"column":null}}},"1":{"name":"Parser","decl":{"start":{"line":14,"column":4},"end":{"line":14,"column":null}},"loc":{"start":{"line":16,"column":23},"end":{"line":19,"column":5}}},"2":{"name":"(anonymous_2)","decl":{"start":{"line":21,"column":4},"end":{"line":21,"column":11}},"loc":{"start":{"line":21,"column":4},"end":{"line":71,"column":5}}},"3":{"name":"(anonymous_3)","decl":{"start":{"line":73,"column":4},"end":{"line":73,"column":12}},"loc":{"start":{"line":73,"column":4},"end":{"line":76,"column":5}}},"4":{"name":"(anonymous_4)","decl":{"start":{"line":78,"column":4},"end":{"line":78,"column":12}},"loc":{"start":{"line":78,"column":4},"end":{"line":121,"column":5}}},"5":{"name":"(anonymous_5)","decl":{"start":{"line":123,"column":4},"end":{"line":123,"column":12}},"loc":{"start":{"line":123,"column":4},"end":{"line":157,"column":5}}},"6":{"name":"(anonymous_6)","decl":{"start":{"line":159,"column":4},"end":{"line":159,"column":12}},"loc":{"start":{"line":159,"column":4},"end":{"line":193,"column":5}}}},"branchMap":{"0":{"loc":{"start":{"line":16,"column":8},"end":{"line":16,"column":null}},"type":"if","locations":[{"start":{"line":16,"column":8},"end":{"line":16,"column":null}},{"start":{"line":16,"column":8},"end":{"line":16,"column":null}}]},"1":{"loc":{"start":{"line":25,"column":12},"end":{"line":25,"column":125}},"type":"switch","locations":[{"start":{"line":25,"column":12},"end":{"line":25,"column":125}},{"start":{"line":26,"column":12},"end":{"line":27,"column":59}},{"start":{"line":28,"column":12},"end":{"line":29,"column":61}},{"start":{"line":30,"column":12},"end":{"line":31,"column":62}},{"start":{"line":32,"column":12},"end":{"line":33,"column":62}},{"start":{"line":34,"column":12},"end":{"line":35,"column":69}},{"start":{"line":37,"column":12},"end":{"line":38,"column":80}},{"start":{"line":39,"column":12},"end":{"line":40,"column":68}},{"start":{"line":41,"column":12},"end":{"line":42,"column":69}},{"start":{"line":43,"column":12},"end":{"line":44,"column":69}},{"start":{"line":45,"column":12},"end":{"line":46,"column":69}},{"start":{"line":48,"column":12},"end":{"line":49,"column":74}},{"start":{"line":50,"column":12},"end":{"line":51,"column":58}},{"start":{"line":52,"column":12},"end":{"line":53,"column":40}},{"start":{"line":54,"column":12},"end":{"line":55,"column":41}},{"start":{"line":56,"column":12},"end":{"line":57,"column":47}},{"start":{"line":58,"column":12},"end":{"line":59,"column":46}},{"start":{"line":60,"column":12},"end":{"line":61,"column":39}},{"start":{"line":62,"column":12},"end":{"line":63,"column":44}},{"start":{"line":64,"column":12},"end":{"line":65,"column":67}},{"start":{"line":66,"column":12},"end":{"line":67,"column":63}},{"start":{"line":68,"column":12},"end":{"line":69,"column":63}}]},"2":{"loc":{"start":{"line":81,"column":12},"end":{"line":83,"column":22}},"type":"switch","locations":[{"start":{"line":81,"column":12},"end":{"line":83,"column":22}},{"start":{"line":84,"column":12},"end":{"line":86,"column":22}},{"start":{"line":87,"column":12},"end":{"line":89,"column":22}},{"start":{"line":90,"column":12},"end":{"line":92,"column":22}},{"start":{"line":93,"column":12},"end":{"line":95,"column":22}},{"start":{"line":96,"column":12},"end":{"line":96,"column":54}},{"start":{"line":97,"column":12},"end":{"line":98,"column":135}}]},"3":{"loc":{"start":{"line":101,"column":8},"end":{"line":119,"column":null}},"type":"if","locations":[{"start":{"line":101,"column":8},"end":{"line":119,"column":null}},{"start":{"line":101,"column":8},"end":{"line":119,"column":null}}]},"4":{"loc":{"start":{"line":102,"column":12},"end":{"line":112,"column":null}},"type":"if","locations":[{"start":{"line":102,"column":12},"end":{"line":112,"column":null}},{"start":{"line":102,"column":12},"end":{"line":112,"column":null}}]},"5":{"loc":{"start":{"line":110,"column":16},"end":{"line":111,"column":60}},"type":"if","locations":[{"start":{"line":110,"column":16},"end":{"line":111,"column":60}},{"start":{"line":110,"column":16},"end":{"line":111,"column":60}}]},"6":{"loc":{"start":{"line":128,"column":12},"end":{"line":130,"column":22}},"type":"switch","locations":[{"start":{"line":128,"column":12},"end":{"line":130,"column":22}},{"start":{"line":131,"column":12},"end":{"line":133,"column":22}},{"start":{"line":134,"column":12},"end":{"line":136,"column":22}},{"start":{"line":137,"column":12},"end":{"line":139,"column":22}},{"start":{"line":140,"column":12},"end":{"line":142,"column":22}},{"start":{"line":143,"column":12},"end":{"line":143,"column":54}},{"start":{"line":144,"column":12},"end":{"line":145,"column":null}}]},"7":{"loc":{"start":{"line":147,"column":8},"end":{"line":155,"column":null}},"type":"if","locations":[{"start":{"line":147,"column":8},"end":{"line":155,"column":null}},{"start":{"line":147,"column":8},"end":{"line":155,"column":null}}]},"8":{"loc":{"start":{"line":164,"column":12},"end":{"line":166,"column":22}},"type":"switch","locations":[{"start":{"line":164,"column":12},"end":{"line":166,"column":22}},{"start":{"line":167,"column":12},"end":{"line":169,"column":22}},{"start":{"line":170,"column":12},"end":{"line":172,"column":22}},{"start":{"line":173,"column":12},"end":{"line":175,"column":22}},{"start":{"line":176,"column":12},"end":{"line":178,"column":22}}]},"9":{"loc":{"start":{"line":180,"column":8},"end":{"line":191,"column":null}},"type":"if","locations":[{"start":{"line":180,"column":8},"end":{"line":191,"column":null}},{"start":{"line":180,"column":8},"end":{"line":191,"column":null}}]}},"s":{"0":1,"1":1,"2":1,"3":1,"4":1,"5":114,"6":57,"7":57,"8":1,"9":173,"10":173,"11":0,"12":84,"13":7,"14":1,"15":1,"16":0,"17":4,"18":3,"19":1,"20":1,"21":0,"22":0,"23":17,"24":24,"25":7,"26":1,"27":2,"28":1,"29":1,"30":0,"31":5,"32":5,"33":1,"34":192,"35":192,"36":1,"37":32,"38":32,"39":31,"40":31,"41":0,"42":0,"43":0,"44":0,"45":0,"46":0,"47":0,"48":0,"49":1,"50":0,"51":32,"52":32,"53":31,"54":0,"55":0,"56":0,"57":0,"58":0,"59":31,"60":31,"61":30,"62":1,"63":1,"64":2,"65":1,"66":32,"67":1,"68":24,"69":24,"70":24,"71":15,"72":15,"73":1,"74":1,"75":0,"76":0,"77":0,"78":0,"79":0,"80":0,"81":8,"82":0,"83":24,"84":16,"85":16,"86":57,"87":8,"88":46,"89":24,"90":1,"91":7,"92":7,"93":7,"94":4,"95":4,"96":0,"97":0,"98":0,"99":0,"100":0,"101":0,"102":0,"103":0,"104":7,"105":4,"106":4,"107":8,"108":8,"109":8,"110":3,"111":5,"112":5,"113":7,"114":1,"115":1},"f":{"0":1,"1":57,"2":173,"3":192,"4":32,"5":24,"6":7},"b":{"0":[57,0],"1":[0,84,7,1,1,0,4,3,1,1,0,0,17,24,7,1,2,1,1,0,5,5],"2":[31,0,0,0,0,1,0],"3":[31,1],"4":[0,31],"5":[30,1],"6":[15,1,0,0,0,8,0],"7":[16,8],"8":[4,0,0,0,0],"9":[4,3]}}
,"C:\\dev\\cbor\\src\\decode\\sax.ts": {"path":"C:\\dev\\cbor\\src\\decode\\sax.ts","statementMap":{"0":{"start":{"line":4,"column":0},"end":{"line":4,"column":31}},"1":{"start":{"line":5,"column":0},"end":{"line":5,"column":47}},"2":{"start":{"line":7,"column":0},"end":{"line":7,"column":13}},"3":{"start":{"line":22,"column":25},"end":{"line":22,"column":42}},"4":{"start":{"line":11,"column":12},"end":{"line":11,"column":29}},"5":{"start":{"line":15,"column":12},"end":{"line":15,"column":39}},"6":{"start":{"line":19,"column":12},"end":{"line":19,"column":43}},"7":{"start":{"line":27,"column":4},"end":{"line":29,"column":null}},"8":{"start":{"line":28,"column":8},"end":{"line":28,"column":33}},"9":{"start":{"line":31,"column":4},"end":{"line":33,"column":null}},"10":{"start":{"line":32,"column":8},"end":{"line":32,"column":38}},"11":{"start":{"line":35,"column":4},"end":{"line":37,"column":null}},"12":{"start":{"line":36,"column":8},"end":{"line":36,"column":34}},"13":{"start":{"line":39,"column":4},"end":{"line":41,"column":null}},"14":{"start":{"line":40,"column":8},"end":{"line":40,"column":34}},"15":{"start":{"line":43,"column":4},"end":{"line":45,"column":null}},"16":{"start":{"line":44,"column":8},"end":{"line":44,"column":34}},"17":{"start":{"line":47,"column":4},"end":{"line":53,"column":null}},"18":{"start":{"line":48,"column":8},"end":{"line":48,"column":51}},"19":{"start":{"line":50,"column":8},"end":{"line":52,"column":null}},"20":{"start":{"line":51,"column":12},"end":{"line":51,"column":99}},"21":{"start":{"line":55,"column":4},"end":{"line":63,"column":null}},"22":{"start":{"line":56,"column":26},"end":{"line":56,"column":43}},"23":{"start":{"line":57,"column":8},"end":{"line":59,"column":null}},"24":{"start":{"line":58,"column":12},"end":{"line":58,"column":58}},"25":{"start":{"line":61,"column":8},"end":{"line":61,"column":41}},"26":{"start":{"line":62,"column":8},"end":{"line":62,"column":30}},"27":{"start":{"line":65,"column":4},"end":{"line":71,"column":null}},"28":{"start":{"line":66,"column":8},"end":{"line":68,"column":null}},"29":{"start":{"line":67,"column":12},"end":{"line":67,"column":68}},"30":{"start":{"line":70,"column":8},"end":{"line":70,"column":42}},"31":{"start":{"line":73,"column":4},"end":{"line":79,"column":null}},"32":{"start":{"line":74,"column":8},"end":{"line":74,"column":50}},"33":{"start":{"line":76,"column":8},"end":{"line":78,"column":null}},"34":{"start":{"line":77,"column":12},"end":{"line":77,"column":99}},"35":{"start":{"line":81,"column":4},"end":{"line":87,"column":null}},"36":{"start":{"line":82,"column":8},"end":{"line":84,"column":null}},"37":{"start":{"line":83,"column":12},"end":{"line":83,"column":67}},"38":{"start":{"line":86,"column":8},"end":{"line":86,"column":41}},"39":{"start":{"line":89,"column":12},"end":{"line":105,"column":null}},"40":{"start":{"line":90,"column":8},"end":{"line":93,"column":null}},"41":{"start":{"line":91,"column":12},"end":{"line":91,"column":30}},"42":{"start":{"line":92,"column":12},"end":{"line":92,"column":25}},"43":{"start":{"line":95,"column":26},"end":{"line":95,"column":43}},"44":{"start":{"line":96,"column":8},"end":{"line":104,"column":null}},"45":{"start":{"line":97,"column":12},"end":{"line":97,"column":42}},"46":{"start":{"line":98,"column":12},"end":{"line":98,"column":25}},"47":{"start":{"line":100,"column":13},"end":{"line":104,"column":null}},"48":{"start":{"line":101,"column":12},"end":{"line":101,"column":83}},"49":{"start":{"line":101,"column":32},"end":{"line":101,"column":83}},"50":{"start":{"line":102,"column":12},"end":{"line":102,"column":54}},"51":{"start":{"line":103,"column":12},"end":{"line":103,"column":25}},"52":{"start":{"line":106,"column":0},"end":{"line":106,"column":null}},"53":{"start":{"line":7,"column":13},"end":{"line":7,"column":16}}},"fnMap":{"0":{"name":"(anonymous_0)","decl":{"start":{"line":7,"column":0},"end":{"line":7,"column":13}},"loc":{"start":{"line":7,"column":0},"end":{"line":106,"column":null}}},"1":{"name":"SAX","decl":{"start":{"line":21,"column":4},"end":{"line":21,"column":null}},"loc":{"start":{"line":22,"column":42},"end":{"line":25,"column":5}}},"2":{"name":"(anonymous_2)","decl":{"start":{"line":27,"column":4},"end":{"line":27,"column":8}},"loc":{"start":{"line":27,"column":4},"end":{"line":29,"column":5}}},"3":{"name":"(anonymous_3)","decl":{"start":{"line":31,"column":4},"end":{"line":31,"column":13}},"loc":{"start":{"line":31,"column":4},"end":{"line":33,"column":5}}},"4":{"name":"(anonymous_4)","decl":{"start":{"line":35,"column":4},"end":{"line":35,"column":11}},"loc":{"start":{"line":35,"column":26},"end":{"line":37,"column":5}}},"5":{"name":"(anonymous_5)","decl":{"start":{"line":39,"column":4},"end":{"line":39,"column":10}},"loc":{"start":{"line":39,"column":24},"end":{"line":41,"column":5}}},"6":{"name":"(anonymous_6)","decl":{"start":{"line":43,"column":4},"end":{"line":43,"column":10}},"loc":{"start":{"line":43,"column":24},"end":{"line":45,"column":5}}},"7":{"name":"(anonymous_7)","decl":{"start":{"line":47,"column":4},"end":{"line":47,"column":16}},"loc":{"start":{"line":47,"column":4},"end":{"line":53,"column":5}}},"8":{"name":"(anonymous_8)","decl":{"start":{"line":55,"column":4},"end":{"line":55,"column":7}},"loc":{"start":{"line":55,"column":21},"end":{"line":63,"column":5}}},"9":{"name":"(anonymous_9)","decl":{"start":{"line":65,"column":4},"end":{"line":65,"column":14}},"loc":{"start":{"line":65,"column":4},"end":{"line":71,"column":5}}},"10":{"name":"(anonymous_10)","decl":{"start":{"line":73,"column":4},"end":{"line":73,"column":15}},"loc":{"start":{"line":73,"column":4},"end":{"line":79,"column":5}}},"11":{"name":"(anonymous_11)","decl":{"start":{"line":81,"column":4},"end":{"line":81,"column":13}},"loc":{"start":{"line":81,"column":4},"end":{"line":87,"column":5}}},"12":{"name":"(anonymous_12)","decl":{"start":{"line":89,"column":4},"end":{"line":89,"column":12}},"loc":{"start":{"line":89,"column":29},"end":{"line":105,"column":5}}}},"branchMap":{"0":{"loc":{"start":{"line":50,"column":8},"end":{"line":52,"column":null}},"type":"if","locations":[{"start":{"line":50,"column":8},"end":{"line":52,"column":null}},{"start":{"line":50,"column":8},"end":{"line":52,"column":null}}]},"1":{"loc":{"start":{"line":57,"column":8},"end":{"line":59,"column":null}},"type":"if","locations":[{"start":{"line":57,"column":8},"end":{"line":59,"column":null}},{"start":{"line":57,"column":8},"end":{"line":59,"column":null}}]},"2":{"loc":{"start":{"line":66,"column":8},"end":{"line":68,"column":null}},"type":"if","locations":[{"start":{"line":66,"column":8},"end":{"line":68,"column":null}},{"start":{"line":66,"column":8},"end":{"line":68,"column":null}}]},"3":{"loc":{"start":{"line":66,"column":12},"end":{"line":66,"column":30}},"type":"binary-expr","locations":[{"start":{"line":66,"column":12},"end":{"line":66,"column":30}},{"start":{"line":66,"column":34},"end":{"line":66,"column":63}}]},"4":{"loc":{"start":{"line":76,"column":8},"end":{"line":78,"column":null}},"type":"if","locations":[{"start":{"line":76,"column":8},"end":{"line":78,"column":null}},{"start":{"line":76,"column":8},"end":{"line":78,"column":null}}]},"5":{"loc":{"start":{"line":82,"column":8},"end":{"line":84,"column":null}},"type":"if","locations":[{"start":{"line":82,"column":8},"end":{"line":84,"column":null}},{"start":{"line":82,"column":8},"end":{"line":84,"column":null}}]},"6":{"loc":{"start":{"line":82,"column":12},"end":{"line":82,"column":30}},"type":"binary-expr","locations":[{"start":{"line":82,"column":12},"end":{"line":82,"column":30}},{"start":{"line":82,"column":34},"end":{"line":82,"column":62}}]},"7":{"loc":{"start":{"line":90,"column":8},"end":{"line":93,"column":null}},"type":"if","locations":[{"start":{"line":90,"column":8},"end":{"line":93,"column":null}},{"start":{"line":90,"column":8},"end":{"line":93,"column":null}}]},"8":{"loc":{"start":{"line":90,"column":12},"end":{"line":90,"column":35}},"type":"binary-expr","locations":[{"start":{"line":90,"column":12},"end":{"line":90,"column":35}},{"start":{"line":90,"column":39},"end":{"line":90,"column":57}}]},"9":{"loc":{"start":{"line":96,"column":8},"end":{"line":104,"column":null}},"type":"if","locations":[{"start":{"line":96,"column":8},"end":{"line":104,"column":null}},{"start":{"line":96,"column":8},"end":{"line":104,"column":null}}]},"10":{"loc":{"start":{"line":100,"column":13},"end":{"line":104,"column":null}},"type":"if","locations":[{"start":{"line":100,"column":13},"end":{"line":104,"column":null}},{"start":{"line":100,"column":13},"end":{"line":104,"column":null}}]},"11":{"loc":{"start":{"line":101,"column":12},"end":{"line":101,"column":83}},"type":"if","locations":[{"start":{"line":101,"column":12},"end":{"line":101,"column":83}},{"start":{"line":101,"column":12},"end":{"line":101,"column":83}}]}},"s":{"0":1,"1":1,"2":1,"3":57,"4":57,"5":57,"6":57,"7":1,"8":1,"9":1,"10":1,"11":1,"12":3,"13":1,"14":112,"15":1,"16":17,"17":1,"18":7,"19":7,"20":0,"21":1,"22":13,"23":13,"24":0,"25":13,"26":13,"27":1,"28":7,"29":0,"30":7,"31":1,"32":24,"33":24,"34":0,"35":1,"36":24,"37":0,"38":24,"39":1,"40":165,"41":56,"42":56,"43":109,"44":109,"45":96,"46":96,"47":13,"48":13,"49":0,"50":13,"51":13,"52":1,"53":1},"f":{"0":1,"1":57,"2":1,"3":1,"4":3,"5":112,"6":17,"7":7,"8":13,"9":7,"10":24,"11":24,"12":165},"b":{"0":[0,7],"1":[0,13],"2":[0,7],"3":[7,7],"4":[0,24],"5":[0,24],"6":[24,24],"7":[56,109],"8":[165,56],"9":[96,13],"10":[13,0],"11":[0,13]}}
,"C:\\dev\\cbor\\src\\decode\\stack.ts": {"path":"C:\\dev\\cbor\\src\\decode\\stack.ts","statementMap":{"0":{"start":{"line":4,"column":0},"end":{"line":4,"column":13}},"1":{"start":{"line":6,"column":16},"end":{"line":6,"column":40}},"2":{"start":{"line":7,"column":16},"end":{"line":7,"column":26}},"3":{"start":{"line":10,"column":4},"end":{"line":12,"column":null}},"4":{"start":{"line":11,"column":8},"end":{"line":11,"column":37}},"5":{"start":{"line":14,"column":4},"end":{"line":16,"column":null}},"6":{"start":{"line":15,"column":8},"end":{"line":15,"column":31}},"7":{"start":{"line":18,"column":4},"end":{"line":20,"column":null}},"8":{"start":{"line":19,"column":8},"end":{"line":19,"column":35}},"9":{"start":{"line":22,"column":4},"end":{"line":24,"column":null}},"10":{"start":{"line":23,"column":8},"end":{"line":23,"column":54}},"11":{"start":{"line":25,"column":0},"end":{"line":25,"column":null}},"12":{"start":{"line":4,"column":13},"end":{"line":4,"column":21}},"13":{"start":{"line":27,"column":0},"end":{"line":27,"column":13}},"14":{"start":{"line":28,"column":12},"end":{"line":28,"column":35}},"15":{"start":{"line":30,"column":4},"end":{"line":32,"column":null}},"16":{"start":{"line":31,"column":8},"end":{"line":31,"column":33}},"17":{"start":{"line":34,"column":4},"end":{"line":36,"column":null}},"18":{"start":{"line":35,"column":8},"end":{"line":35,"column":51}},"19":{"start":{"line":38,"column":4},"end":{"line":40,"column":null}},"20":{"start":{"line":39,"column":8},"end":{"line":39,"column":32}},"21":{"start":{"line":42,"column":4},"end":{"line":44,"column":null}},"22":{"start":{"line":43,"column":8},"end":{"line":43,"column":49}},"23":{"start":{"line":46,"column":4},"end":{"line":48,"column":null}},"24":{"start":{"line":47,"column":8},"end":{"line":47,"column":39}},"25":{"start":{"line":49,"column":0},"end":{"line":49,"column":null}},"26":{"start":{"line":27,"column":13},"end":{"line":27,"column":18}}},"fnMap":{"0":{"name":"(anonymous_0)","decl":{"start":{"line":4,"column":0},"end":{"line":4,"column":13}},"loc":{"start":{"line":4,"column":0},"end":{"line":25,"column":null}}},"1":{"name":"StackRef","decl":{"start":{"line":5,"column":4},"end":{"line":5,"column":null}},"loc":{"start":{"line":7,"column":26},"end":{"line":8,"column":9}}},"2":{"name":"(anonymous_2)","decl":{"start":{"line":10,"column":4},"end":{"line":10,"column":11}},"loc":{"start":{"line":10,"column":4},"end":{"line":12,"column":5}}},"3":{"name":"(anonymous_3)","decl":{"start":{"line":14,"column":4},"end":{"line":14,"column":12}},"loc":{"start":{"line":14,"column":4},"end":{"line":16,"column":5}}},"4":{"name":"(anonymous_4)","decl":{"start":{"line":18,"column":4},"end":{"line":18,"column":9}},"loc":{"start":{"line":18,"column":4},"end":{"line":20,"column":5}}},"5":{"name":"(anonymous_5)","decl":{"start":{"line":22,"column":4},"end":{"line":22,"column":10}},"loc":{"start":{"line":22,"column":4},"end":{"line":24,"column":5}}},"6":{"name":"(anonymous_6)","decl":{"start":{"line":27,"column":0},"end":{"line":27,"column":13}},"loc":{"start":{"line":27,"column":0},"end":{"line":49,"column":null}}},"7":{"name":"(anonymous_8)","decl":{"start":{"line":30,"column":4},"end":{"line":30,"column":8}},"loc":{"start":{"line":30,"column":4},"end":{"line":32,"column":5}}},"8":{"name":"(anonymous_9)","decl":{"start":{"line":34,"column":4},"end":{"line":34,"column":8}},"loc":{"start":{"line":34,"column":45},"end":{"line":36,"column":5}}},"9":{"name":"(anonymous_10)","decl":{"start":{"line":38,"column":4},"end":{"line":38,"column":7}},"loc":{"start":{"line":38,"column":4},"end":{"line":40,"column":5}}},"10":{"name":"(anonymous_11)","decl":{"start":{"line":42,"column":4},"end":{"line":42,"column":8}},"loc":{"start":{"line":42,"column":4},"end":{"line":44,"column":5}}},"11":{"name":"(anonymous_12)","decl":{"start":{"line":46,"column":4},"end":{"line":46,"column":9}},"loc":{"start":{"line":46,"column":4},"end":{"line":48,"column":5}}}},"branchMap":{},"s":{"0":1,"1":31,"2":31,"3":1,"4":153,"5":1,"6":20,"7":1,"8":120,"9":1,"10":33,"11":1,"12":1,"13":1,"14":57,"15":1,"16":196,"17":1,"18":31,"19":1,"20":31,"21":1,"22":153,"23":1,"24":31,"25":1,"26":1},"f":{"0":1,"1":31,"2":153,"3":20,"4":120,"5":33,"6":58,"7":196,"8":31,"9":31,"10":153,"11":31},"b":{}}
,"C:\\dev\\cbor\\src\\encode\\error.ts": {"path":"C:\\dev\\cbor\\src\\encode\\error.ts","statementMap":{"0":{"start":{"line":4,"column":0},"end":{"line":4,"column":40}},"1":{"start":{"line":6,"column":0},"end":{"line":6,"column":null}},"2":{"start":{"line":7,"column":4},"end":{"line":7,"column":null}},"3":{"start":{"line":8,"column":4},"end":{"line":8,"column":null}},"4":{"start":{"line":9,"column":4},"end":{"line":9,"column":null}},"5":{"start":{"line":10,"column":4},"end":{"line":10,"column":null}},"6":{"start":{"line":11,"column":4},"end":{"line":11,"column":null}},"7":{"start":{"line":12,"column":4},"end":{"line":12,"column":null}},"8":{"start":{"line":15,"column":0},"end":{"line":15,"column":null}},"9":{"start":{"line":15,"column":32},"end":{"line":15,"column":37}},"10":{"start":{"line":17,"column":8},"end":{"line":17,"column":null}},"11":{"start":{"line":16,"column":32},"end":{"line":16,"column":44}},"12":{"start":{"line":21,"column":11},"end":{"line":23,"column":null}},"13":{"start":{"line":22,"column":8},"end":{"line":22,"column":42}},"14":{"start":{"line":25,"column":18},"end":{"line":42,"column":null}},"15":{"start":{"line":26,"column":8},"end":{"line":41,"column":null}},"16":{"start":{"line":28,"column":16},"end":{"line":28,"column":85}},"17":{"start":{"line":30,"column":16},"end":{"line":30,"column":63}},"18":{"start":{"line":32,"column":16},"end":{"line":32,"column":null}},"19":{"start":{"line":34,"column":16},"end":{"line":34,"column":null}},"20":{"start":{"line":36,"column":16},"end":{"line":36,"column":null}},"21":{"start":{"line":38,"column":16},"end":{"line":38,"column":null}},"22":{"start":{"line":40,"column":16},"end":{"line":40,"column":60}},"23":{"start":{"line":43,"column":0},"end":{"line":43,"column":null}},"24":{"start":{"line":15,"column":13},"end":{"line":15,"column":23}}},"fnMap":{"0":{"name":"(anonymous_6)","decl":{"start":{"line":6,"column":0},"end":{"line":6,"column":12}},"loc":{"start":{"line":6,"column":21},"end":{"line":13,"column":1}}},"1":{"name":"(anonymous_7)","decl":{"start":{"line":15,"column":0},"end":{"line":15,"column":13}},"loc":{"start":{"line":15,"column":0},"end":{"line":43,"column":null}}},"2":{"name":"WriteError","decl":{"start":{"line":16,"column":4},"end":{"line":16,"column":32}},"loc":{"start":{"line":16,"column":44},"end":{"line":19,"column":5}}},"3":{"name":"(anonymous_9)","decl":{"start":{"line":21,"column":4},"end":{"line":21,"column":11}},"loc":{"start":{"line":21,"column":4},"end":{"line":23,"column":5}}},"4":{"name":"(anonymous_10)","decl":{"start":{"line":25,"column":4},"end":{"line":25,"column":18}},"loc":{"start":{"line":25,"column":72},"end":{"line":42,"column":5}}}},"branchMap":{"0":{"loc":{"start":{"line":6,"column":12},"end":{"line":6,"column":21}},"type":"binary-expr","locations":[{"start":{"line":6,"column":12},"end":{"line":6,"column":21}},{"start":{"line":6,"column":12},"end":{"line":6,"column":null}}]},"1":{"loc":{"start":{"line":17,"column":8},"end":{"line":17,"column":19}},"type":"binary-expr","locations":[{"start":{"line":17,"column":8},"end":{"line":17,"column":19}},{"start":{"line":17,"column":19},"end":{"line":17,"column":null}}]},"2":{"loc":{"start":{"line":27,"column":12},"end":{"line":28,"column":85}},"type":"switch","locations":[{"start":{"line":27,"column":12},"end":{"line":28,"column":85}},{"start":{"line":29,"column":12},"end":{"line":30,"column":63}},{"start":{"line":31,"column":12},"end":{"line":32,"column":null}},{"start":{"line":33,"column":12},"end":{"line":34,"column":null}},{"start":{"line":35,"column":12},"end":{"line":36,"column":null}},{"start":{"line":37,"column":12},"end":{"line":38,"column":null}},{"start":{"line":39,"column":12},"end":{"line":40,"column":60}}]}},"s":{"0":1,"1":1,"2":1,"3":1,"4":1,"5":1,"6":1,"7":1,"8":1,"9":1,"10":0,"11":0,"12":1,"13":0,"14":1,"15":0,"16":0,"17":0,"18":0,"19":0,"20":0,"21":0,"22":0,"23":1,"24":1},"f":{"0":1,"1":1,"2":0,"3":0,"4":0},"b":{"0":[1,1],"1":[0,0],"2":[0,0,0,0,0,0,0]}}
,"C:\\dev\\cbor\\src\\encode\\index.ts": {"path":"C:\\dev\\cbor\\src\\encode\\index.ts","statementMap":{"0":{"start":{"line":4,"column":0},"end":{"line":4,"column":33}},"1":{"start":{"line":13,"column":19},"end":{"line":13,"column":45}},"2":{"start":{"line":14,"column":19},"end":{"line":14,"column":37}},"3":{"start":{"line":15,"column":4},"end":{"line":23,"column":null}},"4":{"start":{"line":16,"column":8},"end":{"line":20,"column":null}},"5":{"start":{"line":17,"column":12},"end":{"line":17,"column":31}},"6":{"start":{"line":19,"column":12},"end":{"line":19,"column":24}},"7":{"start":{"line":22,"column":8},"end":{"line":22,"column":27}},"8":{"start":{"line":24,"column":4},"end":{"line":24,"column":29}},"9":{"start":{"line":12,"column":0},"end":{"line":12,"column":16}}},"fnMap":{"0":{"name":"encode","decl":{"start":{"line":12,"column":16},"end":{"line":12,"column":22}},"loc":{"start":{"line":12,"column":73},"end":{"line":25,"column":1}}}},"branchMap":{"0":{"loc":{"start":{"line":13,"column":19},"end":{"line":13,"column":22}},"type":"cond-expr","locations":[{"start":{"line":13,"column":19},"end":{"line":13,"column":22}},{"start":{"line":13,"column":26},"end":{"line":13,"column":45}}]},"1":{"loc":{"start":{"line":13,"column":19},"end":{"line":13,"column":26}},"type":"binary-expr","locations":[{"start":{"line":13,"column":19},"end":{"line":13,"column":26}},{"start":{"line":13,"column":19},"end":{"line":13,"column":26}}]},"2":{"loc":{"start":{"line":15,"column":4},"end":{"line":23,"column":null}},"type":"if","locations":[{"start":{"line":15,"column":4},"end":{"line":23,"column":null}},{"start":{"line":15,"column":4},"end":{"line":23,"column":null}}]}},"s":{"0":1,"1":55,"2":55,"3":55,"4":0,"5":0,"6":0,"7":55,"8":55,"9":1},"f":{"0":55},"b":{"0":[0,55],"1":[55,55],"2":[0,55]}}
,"C:\\dev\\cbor\\src\\encode\\util.ts": {"path":"C:\\dev\\cbor\\src\\encode\\util.ts","statementMap":{"0":{"start":{"line":4,"column":0},"end":{"line":4,"column":47}},"1":{"start":{"line":6,"column":13},"end":{"line":13,"column":null}},"2":{"start":{"line":16,"column":4},"end":{"line":21,"column":null}},"3":{"start":{"line":15,"column":0},"end":{"line":15,"column":16}},"4":{"start":{"line":25,"column":4},"end":{"line":44,"column":null}},"5":{"start":{"line":27,"column":12},"end":{"line":27,"column":31}},"6":{"start":{"line":29,"column":12},"end":{"line":29,"column":26}},"7":{"start":{"line":31,"column":12},"end":{"line":31,"column":29}},"8":{"start":{"line":33,"column":12},"end":{"line":33,"column":28}},"9":{"start":{"line":35,"column":12},"end":{"line":35,"column":65}},"10":{"start":{"line":37,"column":12},"end":{"line":37,"column":28}},"11":{"start":{"line":39,"column":12},"end":{"line":39,"column":27}},"12":{"start":{"line":41,"column":12},"end":{"line":41,"column":28}},"13":{"start":{"line":43,"column":12},"end":{"line":43,"column":81}},"14":{"start":{"line":24,"column":0},"end":{"line":24,"column":16}}},"fnMap":{"0":{"name":"isFloat","decl":{"start":{"line":15,"column":16},"end":{"line":15,"column":23}},"loc":{"start":{"line":15,"column":34},"end":{"line":22,"column":1}}},"1":{"name":"getType","decl":{"start":{"line":24,"column":16},"end":{"line":24,"column":23}},"loc":{"start":{"line":24,"column":34},"end":{"line":45,"column":1}}}},"branchMap":{"0":{"loc":{"start":{"line":16,"column":11},"end":{"line":16,"column":36}},"type":"binary-expr","locations":[{"start":{"line":16,"column":11},"end":{"line":16,"column":36}},{"start":{"line":18,"column":12},"end":{"line":18,"column":28}},{"start":{"line":19,"column":15},"end":{"line":19,"column":27}},{"start":{"line":20,"column":16},"end":{"line":20,"column":46}},{"start":{"line":20,"column":50},"end":{"line":20,"column":81}}]},"1":{"loc":{"start":{"line":26,"column":8},"end":{"line":27,"column":31}},"type":"switch","locations":[{"start":{"line":26,"column":8},"end":{"line":27,"column":31}},{"start":{"line":28,"column":8},"end":{"line":29,"column":26}},{"start":{"line":30,"column":8},"end":{"line":31,"column":29}},{"start":{"line":32,"column":8},"end":{"line":33,"column":28}},{"start":{"line":34,"column":8},"end":{"line":35,"column":65}},{"start":{"line":36,"column":8},"end":{"line":37,"column":28}},{"start":{"line":38,"column":8},"end":{"line":39,"column":27}},{"start":{"line":40,"column":8},"end":{"line":41,"column":28}},{"start":{"line":42,"column":8},"end":{"line":43,"column":81}}]}},"s":{"0":1,"1":1,"2":112,"3":1,"4":177,"5":0,"6":1,"7":3,"8":112,"9":0,"10":30,"11":24,"12":7,"13":0,"14":1},"f":{"0":112,"1":177},"b":{"0":[112,112,109,109,106],"1":[0,1,3,112,0,30,24,7,0]}}
,"C:\\dev\\cbor\\src\\encode\\writer.ts": {"path":"C:\\dev\\cbor\\src\\encode\\writer.ts","statementMap":{"0":{"start":{"line":4,"column":0},"end":{"line":4,"column":34}},"1":{"start":{"line":5,"column":0},"end":{"line":5,"column":57}},"2":{"start":{"line":6,"column":0},"end":{"line":6,"column":48}},"3":{"start":{"line":8,"column":21},"end":{"line":8,"column":38}},"4":{"start":{"line":10,"column":0},"end":{"line":10,"column":13}},"5":{"start":{"line":16,"column":8},"end":{"line":16,"column":37}},"6":{"start":{"line":19,"column":4},"end":{"line":21,"column":null}},"7":{"start":{"line":20,"column":8},"end":{"line":20,"column":52}},"8":{"start":{"line":23,"column":4},"end":{"line":204,"column":null}},"9":{"start":{"line":24,"column":8},"end":{"line":203,"column":null}},"10":{"start":{"line":26,"column":16},"end":{"line":26,"column":41}},"11":{"start":{"line":27,"column":16},"end":{"line":27,"column":22}},"12":{"start":{"line":31,"column":16},"end":{"line":31,"column":41}},"13":{"start":{"line":32,"column":16},"end":{"line":32,"column":22}},"14":{"start":{"line":36,"column":16},"end":{"line":36,"column":56}},"15":{"start":{"line":37,"column":16},"end":{"line":37,"column":22}},"16":{"start":{"line":41,"column":16},"end":{"line":103,"column":null}},"17":{"start":{"line":44,"column":20},"end":{"line":50,"column":null}},"18":{"start":{"line":45,"column":24},"end":{"line":45,"column":49}},"19":{"start":{"line":46,"column":24},"end":{"line":46,"column":52}},"20":{"start":{"line":48,"column":24},"end":{"line":48,"column":49}},"21":{"start":{"line":49,"column":24},"end":{"line":49,"column":52}},"22":{"start":{"line":52,"column":20},"end":{"line":102,"column":null}},"23":{"start":{"line":53,"column":24},"end":{"line":74,"column":null}},"24":{"start":{"line":54,"column":28},"end":{"line":54,"column":54}},"25":{"start":{"line":56,"column":29},"end":{"line":74,"column":null}},"26":{"start":{"line":57,"column":28},"end":{"line":57,"column":53}},"27":{"start":{"line":58,"column":28},"end":{"line":58,"column":54}},"28":{"start":{"line":60,"column":29},"end":{"line":74,"column":null}},"29":{"start":{"line":61,"column":28},"end":{"line":61,"column":53}},"30":{"start":{"line":62,"column":28},"end":{"line":62,"column":55}},"31":{"start":{"line":64,"column":29},"end":{"line":74,"column":null}},"32":{"start":{"line":65,"column":28},"end":{"line":65,"column":53}},"33":{"start":{"line":66,"column":28},"end":{"line":66,"column":55}},"34":{"start":{"line":69,"column":28},"end":{"line":69,"column":null}},"35":{"start":{"line":79,"column":48},"end":{"line":79,"column":58}},"36":{"start":{"line":80,"column":24},"end":{"line":101,"column":null}},"37":{"start":{"line":81,"column":28},"end":{"line":81,"column":89}},"38":{"start":{"line":83,"column":29},"end":{"line":101,"column":null}},"39":{"start":{"line":84,"column":28},"end":{"line":84,"column":53}},"40":{"start":{"line":85,"column":28},"end":{"line":85,"column":74}},"41":{"start":{"line":87,"column":29},"end":{"line":101,"column":null}},"42":{"start":{"line":88,"column":28},"end":{"line":88,"column":53}},"43":{"start":{"line":89,"column":28},"end":{"line":89,"column":75}},"44":{"start":{"line":91,"column":29},"end":{"line":101,"column":null}},"45":{"start":{"line":92,"column":28},"end":{"line":92,"column":53}},"46":{"start":{"line":93,"column":28},"end":{"line":93,"column":75}},"47":{"start":{"line":96,"column":28},"end":{"line":96,"column":null}},"48":{"start":{"line":104,"column":16},"end":{"line":104,"column":22}},"49":{"start":{"line":108,"column":29},"end":{"line":108,"column":41}},"50":{"start":{"line":109,"column":16},"end":{"line":130,"column":null}},"51":{"start":{"line":110,"column":20},"end":{"line":110,"column":52}},"52":{"start":{"line":112,"column":21},"end":{"line":130,"column":null}},"53":{"start":{"line":113,"column":20},"end":{"line":113,"column":45}},"54":{"start":{"line":114,"column":20},"end":{"line":114,"column":45}},"55":{"start":{"line":116,"column":21},"end":{"line":130,"column":null}},"56":{"start":{"line":117,"column":20},"end":{"line":117,"column":45}},"57":{"start":{"line":118,"column":20},"end":{"line":118,"column":46}},"58":{"start":{"line":120,"column":21},"end":{"line":130,"column":null}},"59":{"start":{"line":121,"column":20},"end":{"line":121,"column":45}},"60":{"start":{"line":122,"column":20},"end":{"line":122,"column":46}},"61":{"start":{"line":125,"column":20},"end":{"line":125,"column":81}},"62":{"start":{"line":132,"column":16},"end":{"line":134,"column":null}},"63":{"start":{"line":133,"column":20},"end":{"line":133,"column":67}},"64":{"start":{"line":135,"column":16},"end":{"line":135,"column":22}},"65":{"start":{"line":139,"column":29},"end":{"line":139,"column":41}},"66":{"start":{"line":140,"column":16},"end":{"line":161,"column":null}},"67":{"start":{"line":141,"column":20},"end":{"line":141,"column":52}},"68":{"start":{"line":143,"column":21},"end":{"line":161,"column":null}},"69":{"start":{"line":144,"column":20},"end":{"line":144,"column":45}},"70":{"start":{"line":145,"column":20},"end":{"line":145,"column":45}},"71":{"start":{"line":147,"column":21},"end":{"line":161,"column":null}},"72":{"start":{"line":148,"column":20},"end":{"line":148,"column":45}},"73":{"start":{"line":149,"column":20},"end":{"line":149,"column":46}},"74":{"start":{"line":151,"column":21},"end":{"line":161,"column":null}},"75":{"start":{"line":152,"column":20},"end":{"line":152,"column":45}},"76":{"start":{"line":153,"column":20},"end":{"line":153,"column":46}},"77":{"start":{"line":156,"column":20},"end":{"line":156,"column":80}},"78":{"start":{"line":163,"column":16},"end":{"line":165,"column":null}},"79":{"start":{"line":163,"column":35},"end":{"line":163,"column":40}},"80":{"start":{"line":163,"column":31},"end":{"line":163,"column":35}},"81":{"start":{"line":164,"column":20},"end":{"line":164,"column":37}},"82":{"start":{"line":166,"column":16},"end":{"line":166,"column":22}},"83":{"start":{"line":170,"column":29},"end":{"line":170,"column":54}},"84":{"start":{"line":171,"column":16},"end":{"line":192,"column":null}},"85":{"start":{"line":172,"column":20},"end":{"line":172,"column":52}},"86":{"start":{"line":174,"column":21},"end":{"line":192,"column":null}},"87":{"start":{"line":175,"column":20},"end":{"line":175,"column":45}},"88":{"start":{"line":176,"column":20},"end":{"line":176,"column":45}},"89":{"start":{"line":178,"column":21},"end":{"line":192,"column":null}},"90":{"start":{"line":179,"column":20},"end":{"line":179,"column":45}},"91":{"start":{"line":180,"column":20},"end":{"line":180,"column":46}},"92":{"start":{"line":182,"column":21},"end":{"line":192,"column":null}},"93":{"start":{"line":183,"column":20},"end":{"line":183,"column":45}},"94":{"start":{"line":184,"column":20},"end":{"line":184,"column":46}},"95":{"start":{"line":187,"column":20},"end":{"line":187,"column":81}},"96":{"start":{"line":194,"column":16},"end":{"line":197,"column":null}},"97":{"start":{"line":194,"column":37},"end":{"line":194,"column":43}},"98":{"start":{"line":194,"column":37},"end":{"line":194,"column":58}},"99":{"start":{"line":194,"column":27},"end":{"line":194,"column":28}},"100":{"start":{"line":194,"column":29},"end":{"line":194,"column":31}},"101":{"start":{"line":194,"column":32},"end":{"line":194,"column":33}},"102":{"start":{"line":195,"column":20},"end":{"line":195,"column":34}},"103":{"start":{"line":196,"column":20},"end":{"line":196,"column":34}},"104":{"start":{"line":198,"column":16},"end":{"line":198,"column":22}},"105":{"start":{"line":202,"column":16},"end":{"line":202,"column":22}},"106":{"start":{"line":205,"column":0},"end":{"line":205,"column":null}},"107":{"start":{"line":10,"column":13},"end":{"line":10,"column":19}}},"fnMap":{"0":{"name":"(anonymous_0)","decl":{"start":{"line":10,"column":0},"end":{"line":10,"column":13}},"loc":{"start":{"line":10,"column":0},"end":{"line":205,"column":null}}},"1":{"name":"Writer","decl":{"start":{"line":13,"column":4},"end":{"line":13,"column":null}},"loc":{"start":{"line":14,"column":27},"end":{"line":17,"column":5}}},"2":{"name":"(anonymous_2)","decl":{"start":{"line":19,"column":4},"end":{"line":19,"column":12}},"loc":{"start":{"line":19,"column":4},"end":{"line":21,"column":5}}},"3":{"name":"(anonymous_3)","decl":{"start":{"line":23,"column":4},"end":{"line":23,"column":9}},"loc":{"start":{"line":23,"column":20},"end":{"line":204,"column":5}}}},"branchMap":{"0":{"loc":{"start":{"line":25,"column":12},"end":{"line":28,"column":null}},"type":"switch","locations":[{"start":{"line":25,"column":12},"end":{"line":28,"column":null}},{"start":{"line":30,"column":12},"end":{"line":33,"column":null}},{"start":{"line":35,"column":12},"end":{"line":38,"column":null}},{"start":{"line":40,"column":12},"end":{"line":105,"column":null}},{"start":{"line":107,"column":12},"end":{"line":136,"column":null}},{"start":{"line":138,"column":12},"end":{"line":167,"column":null}},{"start":{"line":169,"column":12},"end":{"line":199,"column":null}},{"start":{"line":201,"column":12},"end":{"line":202,"column":22}}]},"1":{"loc":{"start":{"line":36,"column":43},"end":{"line":36,"column":47}},"type":"cond-expr","locations":[{"start":{"line":36,"column":43},"end":{"line":36,"column":47}},{"start":{"line":36,"column":50},"end":{"line":36,"column":54}}]},"2":{"loc":{"start":{"line":41,"column":16},"end":{"line":103,"column":null}},"type":"if","locations":[{"start":{"line":41,"column":16},"end":{"line":103,"column":null}},{"start":{"line":41,"column":16},"end":{"line":103,"column":null}}]},"3":{"loc":{"start":{"line":44,"column":20},"end":{"line":50,"column":null}},"type":"if","locations":[{"start":{"line":44,"column":20},"end":{"line":50,"column":null}},{"start":{"line":44,"column":20},"end":{"line":50,"column":null}}]},"4":{"loc":{"start":{"line":44,"column":24},"end":{"line":44,"column":36}},"type":"binary-expr","locations":[{"start":{"line":44,"column":24},"end":{"line":44,"column":36}},{"start":{"line":44,"column":40},"end":{"line":44,"column":56}},{"start":{"line":44,"column":61},"end":{"line":44,"column":93}},{"start":{"line":44,"column":97},"end":{"line":44,"column":128}}]},"5":{"loc":{"start":{"line":52,"column":20},"end":{"line":102,"column":null}},"type":"if","locations":[{"start":{"line":52,"column":20},"end":{"line":102,"column":null}},{"start":{"line":52,"column":20},"end":{"line":102,"column":null}}]},"6":{"loc":{"start":{"line":53,"column":24},"end":{"line":74,"column":null}},"type":"if","locations":[{"start":{"line":53,"column":24},"end":{"line":74,"column":null}},{"start":{"line":53,"column":24},"end":{"line":74,"column":null}}]},"7":{"loc":{"start":{"line":56,"column":29},"end":{"line":74,"column":null}},"type":"if","locations":[{"start":{"line":56,"column":29},"end":{"line":74,"column":null}},{"start":{"line":56,"column":29},"end":{"line":74,"column":null}}]},"8":{"loc":{"start":{"line":60,"column":29},"end":{"line":74,"column":null}},"type":"if","locations":[{"start":{"line":60,"column":29},"end":{"line":74,"column":null}},{"start":{"line":60,"column":29},"end":{"line":74,"column":null}}]},"9":{"loc":{"start":{"line":64,"column":29},"end":{"line":74,"column":null}},"type":"if","locations":[{"start":{"line":64,"column":29},"end":{"line":74,"column":null}},{"start":{"line":64,"column":29},"end":{"line":74,"column":null}}]},"10":{"loc":{"start":{"line":80,"column":24},"end":{"line":101,"column":null}},"type":"if","locations":[{"start":{"line":80,"column":24},"end":{"line":101,"column":null}},{"start":{"line":80,"column":24},"end":{"line":101,"column":null}}]},"11":{"loc":{"start":{"line":83,"column":29},"end":{"line":101,"column":null}},"type":"if","locations":[{"start":{"line":83,"column":29},"end":{"line":101,"column":null}},{"start":{"line":83,"column":29},"end":{"line":101,"column":null}}]},"12":{"loc":{"start":{"line":87,"column":29},"end":{"line":101,"column":null}},"type":"if","locations":[{"start":{"line":87,"column":29},"end":{"line":101,"column":null}},{"start":{"line":87,"column":29},"end":{"line":101,"column":null}}]},"13":{"loc":{"start":{"line":91,"column":29},"end":{"line":101,"column":null}},"type":"if","locations":[{"start":{"line":91,"column":29},"end":{"line":101,"column":null}},{"start":{"line":91,"column":29},"end":{"line":101,"column":null}}]},"14":{"loc":{"start":{"line":109,"column":16},"end":{"line":130,"column":null}},"type":"if","locations":[{"start":{"line":109,"column":16},"end":{"line":130,"column":null}},{"start":{"line":109,"column":16},"end":{"line":130,"column":null}}]},"15":{"loc":{"start":{"line":112,"column":21},"end":{"line":130,"column":null}},"type":"if","locations":[{"start":{"line":112,"column":21},"end":{"line":130,"column":null}},{"start":{"line":112,"column":21},"end":{"line":130,"column":null}}]},"16":{"loc":{"start":{"line":116,"column":21},"end":{"line":130,"column":null}},"type":"if","locations":[{"start":{"line":116,"column":21},"end":{"line":130,"column":null}},{"start":{"line":116,"column":21},"end":{"line":130,"column":null}}]},"17":{"loc":{"start":{"line":120,"column":21},"end":{"line":130,"column":null}},"type":"if","locations":[{"start":{"line":120,"column":21},"end":{"line":130,"column":null}},{"start":{"line":120,"column":21},"end":{"line":130,"column":null}}]},"18":{"loc":{"start":{"line":132,"column":16},"end":{"line":134,"column":null}},"type":"if","locations":[{"start":{"line":132,"column":16},"end":{"line":134,"column":null}},{"start":{"line":132,"column":16},"end":{"line":134,"column":null}}]},"19":{"loc":{"start":{"line":140,"column":16},"end":{"line":161,"column":null}},"type":"if","locations":[{"start":{"line":140,"column":16},"end":{"line":161,"column":null}},{"start":{"line":140,"column":16},"end":{"line":161,"column":null}}]},"20":{"loc":{"start":{"line":143,"column":21},"end":{"line":161,"column":null}},"type":"if","locations":[{"start":{"line":143,"column":21},"end":{"line":161,"column":null}},{"start":{"line":143,"column":21},"end":{"line":161,"column":null}}]},"21":{"loc":{"start":{"line":147,"column":21},"end":{"line":161,"column":null}},"type":"if","locations":[{"start":{"line":147,"column":21},"end":{"line":161,"column":null}},{"start":{"line":147,"column":21},"end":{"line":161,"column":null}}]},"22":{"loc":{"start":{"line":151,"column":21},"end":{"line":161,"column":null}},"type":"if","locations":[{"start":{"line":151,"column":21},"end":{"line":161,"column":null}},{"start":{"line":151,"column":21},"end":{"line":161,"column":null}}]},"23":{"loc":{"start":{"line":171,"column":16},"end":{"line":192,"column":null}},"type":"if","locations":[{"start":{"line":171,"column":16},"end":{"line":192,"column":null}},{"start":{"line":171,"column":16},"end":{"line":192,"column":null}}]},"24":{"loc":{"start":{"line":174,"column":21},"end":{"line":192,"column":null}},"type":"if","locations":[{"start":{"line":174,"column":21},"end":{"line":192,"column":null}},{"start":{"line":174,"column":21},"end":{"line":192,"column":null}}]},"25":{"loc":{"start":{"line":178,"column":21},"end":{"line":192,"column":null}},"type":"if","locations":[{"start":{"line":178,"column":21},"end":{"line":192,"column":null}},{"start":{"line":178,"column":21},"end":{"line":192,"column":null}}]},"26":{"loc":{"start":{"line":182,"column":21},"end":{"line":192,"column":null}},"type":"if","locations":[{"start":{"line":182,"column":21},"end":{"line":192,"column":null}},{"start":{"line":182,"column":21},"end":{"line":192,"column":null}}]}},"s":{"0":1,"1":1,"2":1,"3":1,"4":1,"5":55,"6":1,"7":55,"8":1,"9":177,"10":0,"11":0,"12":1,"13":1,"14":3,"15":3,"16":112,"17":7,"18":3,"19":3,"20":4,"21":4,"22":105,"23":95,"24":85,"25":10,"26":7,"27":7,"28":3,"29":1,"30":1,"31":2,"32":2,"33":2,"34":0,"35":10,"36":10,"37":5,"38":5,"39":3,"40":3,"41":2,"42":1,"43":1,"44":1,"45":1,"46":1,"47":0,"48":112,"49":30,"50":30,"51":30,"52":0,"53":0,"54":0,"55":0,"56":0,"57":0,"58":0,"59":0,"60":0,"61":0,"62":30,"63":29,"64":30,"65":24,"66":24,"67":22,"68":2,"69":2,"70":2,"71":0,"72":0,"73":0,"74":0,"75":0,"76":0,"77":0,"78":24,"79":48,"80":96,"81":96,"82":24,"83":7,"84":7,"85":7,"86":0,"87":0,"88":0,"89":0,"90":0,"91":0,"92":0,"93":0,"94":0,"95":0,"96":7,"97":7,"98":7,"99":13,"100":13,"101":13,"102":13,"103":13,"104":7,"105":0,"106":1,"107":1},"f":{"0":1,"1":55,"2":55,"3":177},"b":{"0":[0,1,3,112,30,24,7,0],"1":[2,1],"2":[7,105],"3":[3,4],"4":[7,6,4,3],"5":[95,10],"6":[85,10],"7":[7,3],"8":[1,2],"9":[2,0],"10":[5,5],"11":[3,2],"12":[1,1],"13":[1,0],"14":[30,0],"15":[0,0],"16":[0,0],"17":[0,0],"18":[29,1],"19":[22,2],"20":[2,0],"21":[0,0],"22":[0,0],"23":[7,0],"24":[0,0],"25":[0,0],"26":[0,0]}}
}
