TN:
SF:src\index.ts
FN:7,(anonymous_0)
FN:15,(anonymous_2)
FN:25,(anonymous_3)
FN:39,(anonymous_4)
FNF:4
FNH:3
FNDA:1,(anonymous_0)
FNDA:57,(anonymous_2)
FNDA:55,(anonymous_3)
FNDA:0,(anonymous_4)
DA:4,1
DA:5,1
DA:7,1
DA:15,57
DA:16,57
DA:25,55
DA:26,55
DA:39,1
DA:40,0
DA:42,1
DA:44,1
LF:11
LH:10
BRDA:15,0,0,0
BRDA:15,0,1,57
BRDA:25,1,0,0
BRDA:25,1,1,55
BRDA:39,2,0,0
BRDA:39,2,1,0
BRF:6
BRH:2
end_of_record
TN:
SF:src\common\view.ts
FN:4,(anonymous_6)
FN:6,OutOfBoundsError
FN:11,(anonymous_8)
FN:16,(anonymous_9)
FN:19,View
FN:27,(anonymous_11)
FN:31,(anonymous_12)
FN:37,(anonymous_13)
FN:43,(anonymous_14)
FN:49,(anonymous_15)
FN:55,(anonymous_16)
FN:61,(anonymous_17)
FN:67,(anonymous_18)
FN:73,(anonymous_19)
FN:79,(anonymous_20)
FN:85,(anonymous_21)
FN:91,(anonymous_22)
FN:97,(anonymous_23)
FN:102,(anonymous_24)
FN:107,(anonymous_25)
FN:112,(anonymous_26)
FN:117,(anonymous_27)
FN:122,(anonymous_28)
FN:127,(anonymous_29)
FN:132,(anonymous_30)
FN:137,(anonymous_31)
FN:142,(anonymous_32)
FN:147,(anonymous_33)
FN:153,(anonymous_34)
FNF:29
FNH:17
FNDA:1,(anonymous_6)
FNDA:0,OutOfBoundsError
FNDA:0,(anonymous_8)
FNDA:1,(anonymous_9)
FNDA:112,View
FNDA:55,(anonymous_11)
FNDA:5,(anonymous_12)
FNDA:5,(anonymous_13)
FNDA:0,(anonymous_14)
FNDA:0,(anonymous_15)
FNDA:0,(anonymous_16)
FNDA:0,(anonymous_17)
FNDA:203,(anonymous_18)
FNDA:2,(anonymous_19)
FNDA:2,(anonymous_20)
FNDA:0,(anonymous_21)
FNDA:31,(anonymous_22)
FNDA:3,(anonymous_23)
FNDA:4,(anonymous_24)
FNDA:0,(anonymous_25)
FNDA:0,(anonymous_26)
FNDA:0,(anonymous_27)
FNDA:0,(anonymous_28)
FNDA:189,(anonymous_29)
FNDA:2,(anonymous_30)
FNDA:3,(anonymous_31)
FNDA:0,(anonymous_32)
FNDA:29,(anonymous_33)
FNDA:230,(anonymous_34)
DA:4,1
DA:7,0
DA:8,0
DA:11,1
DA:12,0
DA:14,1
DA:16,1
DA:20,112
DA:21,224
DA:23,112
DA:24,112
DA:27,1
DA:28,55
DA:31,1
DA:32,5
DA:33,5
DA:34,0
DA:35,5
DA:37,1
DA:38,5
DA:39,5
DA:40,0
DA:41,5
DA:43,1
DA:44,0
DA:45,0
DA:46,0
DA:47,0
DA:49,1
DA:50,0
DA:51,0
DA:52,0
DA:53,0
DA:55,1
DA:56,0
DA:57,0
DA:58,0
DA:59,0
DA:61,1
DA:62,0
DA:63,0
DA:64,0
DA:65,0
DA:67,1
DA:68,203
DA:69,203
DA:70,0
DA:71,203
DA:73,1
DA:74,2
DA:75,2
DA:76,0
DA:77,2
DA:79,1
DA:80,2
DA:81,2
DA:82,0
DA:83,2
DA:85,1
DA:86,0
DA:87,0
DA:88,0
DA:89,0
DA:91,1
DA:92,31
DA:93,31
DA:94,0
DA:95,31
DA:97,1
DA:98,3
DA:99,3
DA:100,3
DA:102,1
DA:103,4
DA:104,4
DA:105,4
DA:107,1
DA:108,0
DA:109,0
DA:110,0
DA:112,1
DA:113,0
DA:114,0
DA:115,0
DA:117,1
DA:118,0
DA:119,0
DA:120,0
DA:122,1
DA:123,0
DA:124,0
DA:125,0
DA:127,1
DA:128,189
DA:129,189
DA:130,189
DA:132,1
DA:133,2
DA:134,2
DA:135,2
DA:137,1
DA:138,3
DA:139,3
DA:140,3
DA:142,1
DA:143,0
DA:144,0
DA:145,0
DA:147,1
DA:148,29
DA:149,29
DA:150,29
DA:153,1
DA:154,230
DA:155,230
DA:158,0
DA:159,0
DA:160,0
DA:161,0
DA:162,0
DA:164,1
LF:121
LH:72
BRDA:7,0,0,0
BRDA:7,0,1,0
BRDA:21,1,0,112
BRDA:21,1,1,0
BRDA:33,2,0,0
BRDA:33,2,1,5
BRDA:39,3,0,0
BRDA:39,3,1,5
BRDA:45,4,0,0
BRDA:45,4,1,0
BRDA:51,5,0,0
BRDA:51,5,1,0
BRDA:57,6,0,0
BRDA:57,6,1,0
BRDA:63,7,0,0
BRDA:63,7,1,0
BRDA:69,8,0,0
BRDA:69,8,1,203
BRDA:75,9,0,0
BRDA:75,9,1,2
BRDA:81,10,0,0
BRDA:81,10,1,2
BRDA:87,11,0,0
BRDA:87,11,1,0
BRDA:93,12,0,0
BRDA:93,12,1,31
BRDA:154,13,0,230
BRDA:154,13,1,0
BRF:28
BRH:8
end_of_record
TN:
SF:src\decode\error.ts
FN:4,(anonymous_6)
FN:18,(anonymous_7)
FN:19,ParseError
FN:23,(anonymous_9)
FN:27,(anonymous_10)
FNF:5
FNH:2
FNDA:1,(anonymous_6)
FNDA:1,(anonymous_7)
FNDA:0,ParseError
FNDA:0,(anonymous_9)
FNDA:0,(anonymous_10)
DA:4,1
DA:5,1
DA:6,1
DA:7,1
DA:8,1
DA:9,1
DA:10,1
DA:11,1
DA:12,1
DA:13,1
DA:14,1
DA:15,1
DA:18,1
DA:19,0
DA:20,0
DA:23,1
DA:24,0
DA:27,1
DA:28,0
DA:30,0
DA:32,0
DA:34,0
DA:36,0
DA:38,0
DA:40,0
DA:42,0
DA:44,0
DA:46,0
DA:48,0
DA:50,0
DA:52,0
DA:55,1
LF:32
LH:16
BRDA:4,0,0,1
BRDA:4,0,1,1
BRDA:20,1,0,0
BRDA:20,1,1,0
BRDA:29,2,0,0
BRDA:29,2,1,0
BRDA:29,2,2,0
BRDA:29,2,3,0
BRDA:29,2,4,0
BRDA:29,2,5,0
BRDA:29,2,6,0
BRDA:29,2,7,0
BRDA:29,2,8,0
BRDA:29,2,9,0
BRDA:29,2,10,0
BRDA:29,2,11,0
BRDA:30,3,0,0
BRDA:30,3,1,0
BRDA:32,4,0,0
BRDA:32,4,1,0
BRF:20
BRH:2
end_of_record
TN:
SF:src\decode\index.ts
FN:13,decode
FNF:1
FNH:1
FNDA:57,decode
DA:4,1
DA:5,1
DA:13,57
DA:14,57
DA:15,0
DA:16,0
DA:18,0
DA:21,57
LF:8
LH:5
BRDA:13,0,0,0
BRDA:13,0,1,57
BRDA:14,1,0,0
BRDA:14,1,1,57
BRF:4
BRH:2
end_of_record
TN:
SF:src\decode\parser.ts
FN:11,(anonymous_0)
FN:14,Parser
FN:21,(anonymous_2)
FN:73,(anonymous_3)
FN:78,(anonymous_4)
FN:123,(anonymous_5)
FN:159,(anonymous_6)
FNF:7
FNH:7
FNDA:1,(anonymous_0)
FNDA:57,Parser
FNDA:173,(anonymous_2)
FNDA:192,(anonymous_3)
FNDA:32,(anonymous_4)
FNDA:24,(anonymous_5)
FNDA:7,(anonymous_6)
DA:5,1
DA:6,1
DA:8,1
DA:9,1
DA:11,1
DA:15,57
DA:16,114
DA:18,57
DA:21,1
DA:23,173
DA:24,173
DA:25,0
DA:27,84
DA:29,7
DA:31,1
DA:33,1
DA:35,0
DA:38,4
DA:40,3
DA:42,1
DA:44,1
DA:46,0
DA:49,0
DA:51,17
DA:53,24
DA:55,7
DA:57,1
DA:59,2
DA:61,1
DA:63,1
DA:65,0
DA:67,5
DA:69,5
DA:73,1
DA:74,192
DA:75,192
DA:78,1
DA:79,32
DA:80,32
DA:82,31
DA:83,31
DA:85,0
DA:86,0
DA:88,0
DA:89,0
DA:91,0
DA:92,0
DA:94,0
DA:95,0
DA:96,1
DA:98,0
DA:100,32
DA:101,32
DA:102,31
DA:103,0
DA:104,0
DA:105,0
DA:107,0
DA:109,31
DA:110,31
DA:111,30
DA:114,1
DA:115,1
DA:116,2
DA:118,1
DA:120,32
DA:123,1
DA:124,24
DA:126,24
DA:127,24
DA:129,15
DA:130,15
DA:132,1
DA:133,1
DA:135,0
DA:136,0
DA:138,0
DA:139,0
DA:141,0
DA:142,0
DA:143,8
DA:145,0
DA:147,24
DA:148,16
DA:149,57
DA:152,8
DA:153,46
DA:156,24
DA:159,1
DA:160,7
DA:162,7
DA:163,7
DA:165,4
DA:166,4
DA:168,0
DA:169,0
DA:171,0
DA:172,0
DA:174,0
DA:175,0
DA:177,0
DA:178,0
DA:180,7
DA:181,4
DA:182,8
DA:183,8
DA:184,8
DA:187,3
DA:188,5
DA:189,5
DA:192,7
DA:194,1
LF:112
LH:79
BRDA:16,0,0,57
BRDA:16,0,1,0
BRDA:25,1,0,0
BRDA:25,1,1,84
BRDA:25,1,2,7
BRDA:25,1,3,1
BRDA:25,1,4,1
BRDA:25,1,5,0
BRDA:25,1,6,4
BRDA:25,1,7,3
BRDA:25,1,8,1
BRDA:25,1,9,1
BRDA:25,1,10,0
BRDA:25,1,11,0
BRDA:25,1,12,17
BRDA:25,1,13,24
BRDA:25,1,14,7
BRDA:25,1,15,1
BRDA:25,1,16,2
BRDA:25,1,17,1
BRDA:25,1,18,1
BRDA:25,1,19,0
BRDA:25,1,20,5
BRDA:25,1,21,5
BRDA:81,2,0,31
BRDA:81,2,1,0
BRDA:81,2,2,0
BRDA:81,2,3,0
BRDA:81,2,4,0
BRDA:81,2,5,1
BRDA:81,2,6,0
BRDA:101,3,0,31
BRDA:101,3,1,1
BRDA:102,4,0,0
BRDA:102,4,1,31
BRDA:110,5,0,30
BRDA:110,5,1,1
BRDA:128,6,0,15
BRDA:128,6,1,1
BRDA:128,6,2,0
BRDA:128,6,3,0
BRDA:128,6,4,0
BRDA:128,6,5,8
BRDA:128,6,6,0
BRDA:147,7,0,16
BRDA:147,7,1,8
BRDA:164,8,0,4
BRDA:164,8,1,0
BRDA:164,8,2,0
BRDA:164,8,3,0
BRDA:164,8,4,0
BRDA:180,9,0,4
BRDA:180,9,1,3
BRF:53
BRH:33
end_of_record
TN:
SF:src\decode\sax.ts
FN:7,(anonymous_0)
FN:21,SAX
FN:27,(anonymous_2)
FN:31,(anonymous_3)
FN:35,(anonymous_4)
FN:39,(anonymous_5)
FN:43,(anonymous_6)
FN:47,(anonymous_7)
FN:55,(anonymous_8)
FN:65,(anonymous_9)
FN:73,(anonymous_10)
FN:81,(anonymous_11)
FN:89,(anonymous_12)
FNF:13
FNH:13
FNDA:1,(anonymous_0)
FNDA:57,SAX
FNDA:1,(anonymous_2)
FNDA:1,(anonymous_3)
FNDA:3,(anonymous_4)
FNDA:112,(anonymous_5)
FNDA:17,(anonymous_6)
FNDA:7,(anonymous_7)
FNDA:13,(anonymous_8)
FNDA:7,(anonymous_9)
FNDA:24,(anonymous_10)
FNDA:24,(anonymous_11)
FNDA:165,(anonymous_12)
DA:4,1
DA:5,1
DA:7,1
DA:11,57
DA:15,57
DA:19,57
DA:22,57
DA:27,1
DA:28,1
DA:31,1
DA:32,1
DA:35,1
DA:36,3
DA:39,1
DA:40,112
DA:43,1
DA:44,17
DA:47,1
DA:48,7
DA:50,7
DA:51,0
DA:55,1
DA:56,13
DA:57,13
DA:58,0
DA:61,13
DA:62,13
DA:65,1
DA:66,7
DA:67,0
DA:70,7
DA:73,1
DA:74,24
DA:76,24
DA:77,0
DA:81,1
DA:82,24
DA:83,0
DA:86,24
DA:89,1
DA:90,165
DA:91,56
DA:92,56
DA:95,109
DA:96,109
DA:97,96
DA:98,96
DA:100,13
DA:101,13
DA:102,13
DA:103,13
DA:106,1
LF:52
LH:47
BRDA:50,0,0,0
BRDA:50,0,1,7
BRDA:57,1,0,0
BRDA:57,1,1,13
BRDA:66,2,0,0
BRDA:66,2,1,7
BRDA:66,3,0,7
BRDA:66,3,1,7
BRDA:76,4,0,0
BRDA:76,4,1,24
BRDA:82,5,0,0
BRDA:82,5,1,24
BRDA:82,6,0,24
BRDA:82,6,1,24
BRDA:90,7,0,56
BRDA:90,7,1,109
BRDA:90,8,0,165
BRDA:90,8,1,56
BRDA:96,9,0,96
BRDA:96,9,1,13
BRDA:100,10,0,13
BRDA:100,10,1,0
BRDA:101,11,0,0
BRDA:101,11,1,13
BRF:24
BRH:17
end_of_record
TN:
SF:src\decode\stack.ts
FN:4,(anonymous_0)
FN:5,StackRef
FN:10,(anonymous_2)
FN:14,(anonymous_3)
FN:18,(anonymous_4)
FN:22,(anonymous_5)
FN:27,(anonymous_6)
FN:30,(anonymous_8)
FN:34,(anonymous_9)
FN:38,(anonymous_10)
FN:42,(anonymous_11)
FN:46,(anonymous_12)
FNF:12
FNH:12
FNDA:1,(anonymous_0)
FNDA:31,StackRef
FNDA:153,(anonymous_2)
FNDA:20,(anonymous_3)
FNDA:120,(anonymous_4)
FNDA:33,(anonymous_5)
FNDA:58,(anonymous_6)
FNDA:196,(anonymous_8)
FNDA:31,(anonymous_9)
FNDA:31,(anonymous_10)
FNDA:153,(anonymous_11)
FNDA:31,(anonymous_12)
DA:4,1
DA:6,31
DA:7,31
DA:10,1
DA:11,153
DA:14,1
DA:15,20
DA:18,1
DA:19,120
DA:22,1
DA:23,33
DA:25,1
DA:27,1
DA:28,57
DA:30,1
DA:31,196
DA:34,1
DA:35,31
DA:38,1
DA:39,31
DA:42,1
DA:43,153
DA:46,1
DA:47,31
DA:49,1
LF:25
LH:25
BRF:0
BRH:0
end_of_record
TN:
SF:src\encode\error.ts
FN:6,(anonymous_6)
FN:15,(anonymous_7)
FN:16,WriteError
FN:21,(anonymous_9)
FN:25,(anonymous_10)
FNF:5
FNH:2
FNDA:1,(anonymous_6)
FNDA:1,(anonymous_7)
FNDA:0,WriteError
FNDA:0,(anonymous_9)
FNDA:0,(anonymous_10)
DA:4,1
DA:6,1
DA:7,1
DA:8,1
DA:9,1
DA:10,1
DA:11,1
DA:12,1
DA:15,1
DA:16,0
DA:17,0
DA:21,1
DA:22,0
DA:25,1
DA:26,0
DA:28,0
DA:30,0
DA:32,0
DA:34,0
DA:36,0
DA:38,0
DA:40,0
DA:43,1
LF:23
LH:12
BRDA:6,0,0,1
BRDA:6,0,1,1
BRDA:17,1,0,0
BRDA:17,1,1,0
BRDA:27,2,0,0
BRDA:27,2,1,0
BRDA:27,2,2,0
BRDA:27,2,3,0
BRDA:27,2,4,0
BRDA:27,2,5,0
BRDA:27,2,6,0
BRF:11
BRH:2
end_of_record
TN:
SF:src\encode\index.ts
FN:12,encode
FNF:1
FNH:1
FNDA:55,encode
DA:4,1
DA:12,1
DA:13,55
DA:14,55
DA:15,55
DA:16,0
DA:17,0
DA:19,0
DA:22,55
DA:24,55
LF:10
LH:7
BRDA:13,0,0,0
BRDA:13,0,1,55
BRDA:13,1,0,55
BRDA:13,1,1,55
BRDA:15,2,0,0
BRDA:15,2,1,55
BRF:6
BRH:4
end_of_record
TN:
SF:src\encode\util.ts
FN:15,isFloat
FN:24,getType
FNF:2
FNH:2
FNDA:112,isFloat
FNDA:177,getType
DA:4,1
DA:6,1
DA:15,1
DA:16,112
DA:24,1
DA:25,177
DA:27,0
DA:29,1
DA:31,3
DA:33,112
DA:35,0
DA:37,30
DA:39,24
DA:41,7
DA:43,0
LF:15
LH:12
BRDA:16,0,0,112
BRDA:16,0,1,112
BRDA:16,0,2,109
BRDA:16,0,3,109
BRDA:16,0,4,106
BRDA:26,1,0,0
BRDA:26,1,1,1
BRDA:26,1,2,3
BRDA:26,1,3,112
BRDA:26,1,4,0
BRDA:26,1,5,30
BRDA:26,1,6,24
BRDA:26,1,7,7
BRDA:26,1,8,0
BRF:14
BRH:11
end_of_record
TN:
SF:src\encode\writer.ts
FN:10,(anonymous_0)
FN:13,Writer
FN:19,(anonymous_2)
FN:23,(anonymous_3)
FNF:4
FNH:4
FNDA:1,(anonymous_0)
FNDA:55,Writer
FNDA:55,(anonymous_2)
FNDA:177,(anonymous_3)
DA:4,1
DA:5,1
DA:6,1
DA:8,1
DA:10,1
DA:16,55
DA:19,1
DA:20,55
DA:23,1
DA:24,177
DA:26,0
DA:27,0
DA:31,1
DA:32,1
DA:36,3
DA:37,3
DA:41,112
DA:44,7
DA:45,3
DA:46,3
DA:48,4
DA:49,4
DA:52,105
DA:53,95
DA:54,85
DA:56,10
DA:57,7
DA:58,7
DA:60,3
DA:61,1
DA:62,1
DA:64,2
DA:65,2
DA:66,2
DA:69,0
DA:79,10
DA:80,10
DA:81,5
DA:83,5
DA:84,3
DA:85,3
DA:87,2
DA:88,1
DA:89,1
DA:91,1
DA:92,1
DA:93,1
DA:96,0
DA:104,112
DA:108,30
DA:109,30
DA:110,30
DA:112,0
DA:113,0
DA:114,0
DA:116,0
DA:117,0
DA:118,0
DA:120,0
DA:121,0
DA:122,0
DA:125,0
DA:132,30
DA:133,29
DA:135,30
DA:139,24
DA:140,24
DA:141,22
DA:143,2
DA:144,2
DA:145,2
DA:147,0
DA:148,0
DA:149,0
DA:151,0
DA:152,0
DA:153,0
DA:156,0
DA:163,96
DA:164,96
DA:166,24
DA:170,7
DA:171,7
DA:172,7
DA:174,0
DA:175,0
DA:176,0
DA:178,0
DA:179,0
DA:180,0
DA:182,0
DA:183,0
DA:184,0
DA:187,0
DA:194,13
DA:195,13
DA:196,13
DA:198,7
DA:202,0
DA:205,1
LF:100
LH:68
BRDA:25,0,0,0
BRDA:25,0,1,1
BRDA:25,0,2,3
BRDA:25,0,3,112
BRDA:25,0,4,30
BRDA:25,0,5,24
BRDA:25,0,6,7
BRDA:25,0,7,0
BRDA:36,1,0,2
BRDA:36,1,1,1
BRDA:41,2,0,7
BRDA:41,2,1,105
BRDA:44,3,0,3
BRDA:44,3,1,4
BRDA:44,4,0,7
BRDA:44,4,1,6
BRDA:44,4,2,4
BRDA:44,4,3,3
BRDA:52,5,0,95
BRDA:52,5,1,10
BRDA:53,6,0,85
BRDA:53,6,1,10
BRDA:56,7,0,7
BRDA:56,7,1,3
BRDA:60,8,0,1
BRDA:60,8,1,2
BRDA:64,9,0,2
BRDA:64,9,1,0
BRDA:80,10,0,5
BRDA:80,10,1,5
BRDA:83,11,0,3
BRDA:83,11,1,2
BRDA:87,12,0,1
BRDA:87,12,1,1
BRDA:91,13,0,1
BRDA:91,13,1,0
BRDA:109,14,0,30
BRDA:109,14,1,0
BRDA:112,15,0,0
BRDA:112,15,1,0
BRDA:116,16,0,0
BRDA:116,16,1,0
BRDA:120,17,0,0
BRDA:120,17,1,0
BRDA:132,18,0,29
BRDA:132,18,1,1
BRDA:140,19,0,22
BRDA:140,19,1,2
BRDA:143,20,0,2
BRDA:143,20,1,0
BRDA:147,21,0,0
BRDA:147,21,1,0
BRDA:151,22,0,0
BRDA:151,22,1,0
BRDA:171,23,0,7
BRDA:171,23,1,0
BRDA:174,24,0,0
BRDA:174,24,1,0
BRDA:178,25,0,0
BRDA:178,25,1,0
BRDA:182,26,0,0
BRDA:182,26,1,0
BRF:62
BRH:39
end_of_record
